{
  "stats": {
    "suites": 10,
    "tests": 11,
    "passes": 9,
    "pending": 0,
    "failures": 2,
    "start": "2024-03-31T13:12:51.156Z",
    "end": "2024-03-31T13:13:40.548Z",
    "duration": 49392,
    "testsRegistered": 11,
    "passPercent": 81.81818181818183,
    "pendingPercent": 0,
    "other": 0,
    "hasOther": false,
    "skipped": 0,
    "hasSkipped": false
  },
  "results": [
    {
      "uuid": "34817fb1-cf36-49b7-9337-51c8e53a7a9a",
      "title": "",
      "fullFile": "",
      "file": "",
      "beforeHooks": [],
      "afterHooks": [],
      "tests": [],
      "suites": [
        {
          "uuid": "17c108ce-d285-43eb-94d1-24382d2383bf",
          "title": "add profile test",
          "fullFile": "C:\\Users\\hanig\\Desktop\\ProFinder\\ProFinder-frontend\\test\\addProfile.js",
          "file": "\\test\\addProfile.js",
          "beforeHooks": [],
          "afterHooks": [],
          "tests": [
            {
              "title": "add profile test",
              "fullTitle": "add profile test add profile test",
              "timedOut": false,
              "duration": 5832,
              "state": "passed",
              "speed": "slow",
              "pass": true,
              "fail": false,
              "pending": false,
              "context": null,
              "code": "let driver = await new Builder().forBrowser(Browser.CHROME).build();\nawait driver.get('http://localhost:5173/');\nawait driver.findElement(By.linkText('Login')).click();\nawait driver.findElement(By.name('email')).sendKeys('adir@gmail.com');\nawait driver.findElement(By.name('password')).sendKeys('123');\nawait driver.findElement(By.css('.btn.btn-success')).click();\nawait driver.wait(until.urlIs('http://localhost:5173/'), 3000);\n\nconst svgButton = await driver.wait(until.elementLocated(By.css(\"svg.text-sky-800.text-5xl\")), 10000);\nawait svgButton.click();\nsleep(1000);\nconst inputFields = await driver.findElements(By.css(\".border-2.border-gray-500.px-4.py-2.w-full\"));\nvar secondInputField = inputFields[0];\nawait secondInputField.clear();\nawait secondInputField.sendKeys('business man');\nsecondInputField = inputFields[1];\nawait secondInputField.sendKeys('new-york');\nsecondInputField = inputFields[2];\nawait secondInputField.sendKeys('999999999');\nawait driver.findElement(By.css(\".p-2.bg-sky-300.m-8\")).click();\n    \nawait driver.wait(until.urlIs('http://localhost:5173/'), 3000);\n// Get the current URL\nconst currentUrl = await driver.getCurrentUrl();\n// Assert if the current URL matches the expected URL\nassert.equal(currentUrl, 'http://localhost:5173/', 'Expected URL does not match actual URL');\n\n// Close the browser\n//await driver.quit();",
              "err": {},
              "uuid": "22e69175-56c0-4379-ab5b-e75b8ecc22fe",
              "parentUUID": "17c108ce-d285-43eb-94d1-24382d2383bf",
              "isHook": false,
              "skipped": false
            }
          ],
          "suites": [],
          "passes": [
            "22e69175-56c0-4379-ab5b-e75b8ecc22fe"
          ],
          "failures": [],
          "pending": [],
          "skipped": [],
          "duration": 5832,
          "root": false,
          "rootEmpty": false,
          "_timeout": 0
        },
        {
          "uuid": "9d72e4ca-70a7-4690-be04-cb086c7112b2",
          "title": "deleteProfile test",
          "fullFile": "C:\\Users\\hanig\\Desktop\\ProFinder\\ProFinder-frontend\\test\\deleteProfile.js",
          "file": "\\test\\deleteProfile.js",
          "beforeHooks": [],
          "afterHooks": [],
          "tests": [
            {
              "title": "delete Profile test",
              "fullTitle": "deleteProfile test delete Profile test",
              "timedOut": false,
              "duration": 2235,
              "state": "failed",
              "speed": null,
              "pass": false,
              "fail": true,
              "pending": false,
              "context": null,
              "code": "let driver = await new Builder().forBrowser(Browser.CHROME).build();\nawait driver.get('http://localhost:5173/');\nawait driver.findElement(By.linkText('Login')).click();\nawait driver.findElement(By.name('email')).sendKeys('adir@gmail.com');\nawait driver.findElement(By.name('password')).sendKeys('123');\nawait driver.findElement(By.css('.btn.btn-success')).click();\nawait driver.wait(until.urlIs('http://localhost:5173/'), 3000);\n\nawait driver.findElement(By.css(\".text-2xl.text-red-600.hover\\\\:text-black\")).click();\nsleep(1000);\n\n// Close the browser\n//await driver.quit();",
              "err": {
                "message": "NoSuchElementError: no such element: Unable to locate element: {\"method\":\"css selector\",\"selector\":\".text-2xl.text-red-600.hover\\:text-black\"}\n  (Session info: chrome=123.0.6312.59)",
                "estack": "NoSuchElementError: no such element: Unable to locate element: {\"method\":\"css selector\",\"selector\":\".text-2xl.text-red-600.hover\\:text-black\"}\n  (Session info: chrome=123.0.6312.59)\n    at Object.throwDecodedError (node_modules\\selenium-webdriver\\lib\\error.js:521:15)\n    at parseHttpResponse (node_modules\\selenium-webdriver\\lib\\http.js:510:13)\n    at Executor.execute (node_modules\\selenium-webdriver\\lib\\http.js:443:28)\n    at process.processTicksAndRejections (node:internal/process/task_queues:95:5)\n    at async Driver.execute (node_modules\\selenium-webdriver\\lib\\webdriver.js:740:17)\n    at async toWireValue (node_modules\\selenium-webdriver\\lib\\webdriver.js:146:15)\n    at async C:\\Users\\hanig\\Desktop\\ProFinder\\ProFinder-frontend\\node_modules\\selenium-webdriver\\lib\\webdriver.js:192:16\n    at async forEachKey (node_modules\\selenium-webdriver\\lib\\webdriver.js:186:9)\n    at async convertKeys (node_modules\\selenium-webdriver\\lib\\webdriver.js:191:3)\n    at async Driver.execute (node_modules\\selenium-webdriver\\lib\\webdriver.js:738:22)\n    at async Context.<anonymous> (file:///C:/Users/hanig/Desktop/ProFinder/ProFinder-frontend/test/deleteProfile.js:28:9)",
                "diff": null
              },
              "uuid": "85d4a6d2-e144-4a16-8224-6d837c355aa7",
              "parentUUID": "9d72e4ca-70a7-4690-be04-cb086c7112b2",
              "isHook": false,
              "skipped": false
            }
          ],
          "suites": [],
          "passes": [],
          "failures": [
            "85d4a6d2-e144-4a16-8224-6d837c355aa7"
          ],
          "pending": [],
          "skipped": [],
          "duration": 2235,
          "root": false,
          "rootEmpty": false,
          "_timeout": 0
        },
        {
          "uuid": "dddd09c5-224c-4380-bd26-bde101e7230c",
          "title": "edit Location test",
          "fullFile": "C:\\Users\\hanig\\Desktop\\ProFinder\\ProFinder-frontend\\test\\editLocation.js",
          "file": "\\test\\editLocation.js",
          "beforeHooks": [],
          "afterHooks": [],
          "tests": [
            {
              "title": "edit Location test",
              "fullTitle": "edit Location test edit Location test",
              "timedOut": false,
              "duration": 6565,
              "state": "passed",
              "speed": "slow",
              "pass": true,
              "fail": false,
              "pending": false,
              "context": null,
              "code": "let driver = await new Builder().forBrowser(Browser.CHROME).build();\nawait driver.get('http://localhost:5173/');\nawait driver.findElement(By.linkText('Login')).click();\nawait driver.findElement(By.name('email')).sendKeys('adir@gmail.com');\nawait driver.findElement(By.name('password')).sendKeys('123');\nawait driver.findElement(By.css('.btn.btn-success')).click();\nawait driver.wait(until.urlIs('http://localhost:5173/'), 3000);\n\nconst svgButton = await driver.wait(until.elementLocated(By.css(\"svg.text-2xl.text-yellow-600.hover\\\\:text-black\")), 10000);\nawait svgButton.click();\nsleep(1000);\nconst inputFields = await driver.findElements(By.css(\".border-2.border-gray-500.px-4.py-2.w-full\"));\nconst secondInputField = inputFields[1];\nawait secondInputField.clear();\nawait secondInputField.sendKeys('melech');\nawait driver.findElement(By.css(\".p-2.bg-sky-300.m-8\")).click();\n\n    \nawait driver.wait(until.urlIs('http://localhost:5173/'), 3000);\n// Get the current URL\nconst currentUrl = await driver.getCurrentUrl();\n// Assert if the current URL matches the expected URL\nassert.equal(currentUrl, 'http://localhost:5173/', 'Expected URL does not match actual URL');\n\n// Close the browser\nawait driver.quit();",
              "err": {},
              "uuid": "bdaeaaae-f134-436f-aee9-53d3e848771a",
              "parentUUID": "dddd09c5-224c-4380-bd26-bde101e7230c",
              "isHook": false,
              "skipped": false
            }
          ],
          "suites": [],
          "passes": [
            "bdaeaaae-f134-436f-aee9-53d3e848771a"
          ],
          "failures": [],
          "pending": [],
          "skipped": [],
          "duration": 6565,
          "root": false,
          "rootEmpty": false,
          "_timeout": 0
        },
        {
          "uuid": "08a6e950-8b3e-4627-a5cc-1aff6826c043",
          "title": "edit Phone test",
          "fullFile": "C:\\Users\\hanig\\Desktop\\ProFinder\\ProFinder-frontend\\test\\editPhone.js",
          "file": "\\test\\editPhone.js",
          "beforeHooks": [],
          "afterHooks": [],
          "tests": [
            {
              "title": "edit Phone test",
              "fullTitle": "edit Phone test edit Phone test",
              "timedOut": false,
              "duration": 4920,
              "state": "passed",
              "speed": "slow",
              "pass": true,
              "fail": false,
              "pending": false,
              "context": null,
              "code": "let driver = await new Builder().forBrowser(Browser.CHROME).build();\nawait driver.get('http://localhost:5173/');\nawait driver.findElement(By.linkText('Login')).click();\nawait driver.findElement(By.name('email')).sendKeys('adir@gmail.com');\nawait driver.findElement(By.name('password')).sendKeys('123');\nawait driver.findElement(By.css('.btn.btn-success')).click();\nawait driver.wait(until.urlIs('http://localhost:5173/'), 3000);\n\nconst svgButton = await driver.wait(until.elementLocated(By.css(\"svg.text-2xl.text-yellow-600.hover\\\\:text-black\")), 10000);\nawait svgButton.click();\nsleep(1000);\nconst inputFields = await driver.findElements(By.css(\".border-2.border-gray-500.px-4.py-2.w-full\"));\nconst secondInputField = inputFields[2];\nawait secondInputField.clear();\nawait secondInputField.sendKeys('22222');\nawait driver.findElement(By.css(\".p-2.bg-sky-300.m-8\")).click();\n\n    \nawait driver.wait(until.urlIs('http://localhost:5173/'), 3000);\n// Get the current URL\nconst currentUrl = await driver.getCurrentUrl();\n// Assert if the current URL matches the expected URL\nassert.equal(currentUrl, 'http://localhost:5173/', 'Expected URL does not match actual URL');\n\n// Close the browser\n//await driver.quit();",
              "err": {},
              "uuid": "54bec226-ee8c-4d64-b668-8ef6b4e7a005",
              "parentUUID": "08a6e950-8b3e-4627-a5cc-1aff6826c043",
              "isHook": false,
              "skipped": false
            }
          ],
          "suites": [],
          "passes": [
            "54bec226-ee8c-4d64-b668-8ef6b4e7a005"
          ],
          "failures": [],
          "pending": [],
          "skipped": [],
          "duration": 4920,
          "root": false,
          "rootEmpty": false,
          "_timeout": 0
        },
        {
          "uuid": "94e2a2d1-78f0-4e92-b97c-b8ebc945dd0a",
          "title": "edit profession test",
          "fullFile": "C:\\Users\\hanig\\Desktop\\ProFinder\\ProFinder-frontend\\test\\editProfession.js",
          "file": "\\test\\editProfession.js",
          "beforeHooks": [],
          "afterHooks": [],
          "tests": [
            {
              "title": "edit profession test",
              "fullTitle": "edit profession test edit profession test",
              "timedOut": false,
              "duration": 4572,
              "state": "passed",
              "speed": "slow",
              "pass": true,
              "fail": false,
              "pending": false,
              "context": null,
              "code": "let driver = await new Builder().forBrowser(Browser.CHROME).build();\nawait driver.get('http://localhost:5173/');\nawait driver.findElement(By.linkText('Login')).click();\nawait driver.findElement(By.name('email')).sendKeys('adir@gmail.com');\nawait driver.findElement(By.name('password')).sendKeys('123');\nawait driver.findElement(By.css('.btn.btn-success')).click();\nawait driver.wait(until.urlIs('http://localhost:5173/'), 3000);\n\nconst svgButton = await driver.wait(until.elementLocated(By.css(\"svg.text-2xl.text-yellow-600.hover\\\\:text-black\")), 10000);\nawait svgButton.click();\nsleep(1000);\nconst inputFields = await driver.findElements(By.css(\".border-2.border-gray-500.px-4.py-2.w-full\"));\nconst secondInputField = inputFields[0];\nawait secondInputField.clear();\nawait secondInputField.sendKeys('sales man');\nawait driver.findElement(By.css(\".p-2.bg-sky-300.m-8\")).click();\n\n    \nawait driver.wait(until.urlIs('http://localhost:5173/'), 3000);\n// Get the current URL\nconst currentUrl = await driver.getCurrentUrl();\n// Assert if the current URL matches the expected URL\nassert.equal(currentUrl, 'http://localhost:5173/', 'Expected URL does not match actual URL');\n\n// Close the browser\nawait driver.quit();",
              "err": {},
              "uuid": "bedc5442-bf64-44ac-8167-5f5149aa319d",
              "parentUUID": "94e2a2d1-78f0-4e92-b97c-b8ebc945dd0a",
              "isHook": false,
              "skipped": false
            }
          ],
          "suites": [],
          "passes": [
            "bedc5442-bf64-44ac-8167-5f5149aa319d"
          ],
          "failures": [],
          "pending": [],
          "skipped": [],
          "duration": 4572,
          "root": false,
          "rootEmpty": false,
          "_timeout": 0
        },
        {
          "uuid": "0fe3ae7c-2dbf-42f3-9c2a-8819af2dfd49",
          "title": "login test",
          "fullFile": "C:\\Users\\hanig\\Desktop\\ProFinder\\ProFinder-frontend\\test\\loginTest.js",
          "file": "\\test\\loginTest.js",
          "beforeHooks": [],
          "afterHooks": [],
          "tests": [
            {
              "title": "login test",
              "fullTitle": "login test login test",
              "timedOut": false,
              "duration": 3363,
              "state": "passed",
              "speed": "slow",
              "pass": true,
              "fail": false,
              "pending": false,
              "context": null,
              "code": "let driver = await new Builder().forBrowser(Browser.CHROME).build();\nawait driver.get('http://localhost:5173/');\nawait driver.findElement(By.linkText('Login')).click();\nawait driver.findElement(By.name('email')).sendKeys('adir@gmail.com');\nawait driver.findElement(By.name('password')).sendKeys('123');\nawait driver.findElement(By.css('.btn.btn-success')).click();\n\nawait driver.wait(until.urlIs('http://localhost:5173/'), 3000);\n// Get the current URL\nconst currentUrl = await driver.getCurrentUrl();\n// Assert if the current URL matches the expected URL\nassert.equal(currentUrl, 'http://localhost:5173/', 'Expected URL does not match actual URL');\n\n// Close the browser\nawait driver.quit();",
              "err": {},
              "uuid": "0eb30480-71b8-4028-9bd0-e5790a1ffbf1",
              "parentUUID": "0fe3ae7c-2dbf-42f3-9c2a-8819af2dfd49",
              "isHook": false,
              "skipped": false
            }
          ],
          "suites": [],
          "passes": [
            "0eb30480-71b8-4028-9bd0-e5790a1ffbf1"
          ],
          "failures": [],
          "pending": [],
          "skipped": [],
          "duration": 3363,
          "root": false,
          "rootEmpty": false,
          "_timeout": 0
        },
        {
          "uuid": "b112f2cf-f4b8-4a30-b5be-e938da8c802c",
          "title": "register test",
          "fullFile": "C:\\Users\\hanig\\Desktop\\ProFinder\\ProFinder-frontend\\test\\registerTest.js",
          "file": "\\test\\registerTest.js",
          "beforeHooks": [],
          "afterHooks": [],
          "tests": [
            {
              "title": "register test",
              "fullTitle": "register test register test",
              "timedOut": false,
              "duration": 5575,
              "state": "failed",
              "speed": null,
              "pass": false,
              "fail": true,
              "pending": false,
              "context": null,
              "code": "let driver = await new Builder().forBrowser(Browser.CHROME).build();\nawait driver.get('http://localhost:5173/');\nawait driver.findElement(By.linkText('Register')).click();\nawait driver.findElement(By.name('name')).sendKeys('example');\nawait driver.findElement(By.name('email')).sendKeys('example2@gmail.com');\nawait driver.findElement(By.name('password')).sendKeys('123456');\nawait driver.findElement(By.css('.btn.btn-success')).click();\n\nawait driver.wait(until.urlIs('http://localhost:5173/LoginPage'), 3000);\n// Get the current URL\nconst currentUrl = await driver.getCurrentUrl();\n// Assert if the current URL matches the expected URL\nassert.equal(currentUrl, 'http://localhost:5173/LoginPage', 'Expected URL does not match actual URL');\n\n// Close the browser\nawait driver.quit();",
              "err": {
                "message": "TimeoutError: Waiting for URL to be \"http://localhost:5173/LoginPage\"\nWait timed out after 3031ms",
                "estack": "TimeoutError: Waiting for URL to be \"http://localhost:5173/LoginPage\"\nWait timed out after 3031ms\n    at C:\\Users\\hanig\\Desktop\\ProFinder\\ProFinder-frontend\\node_modules\\selenium-webdriver\\lib\\webdriver.js:910:22\n    at process.processTicksAndRejections (node:internal/process/task_queues:95:5)",
                "diff": null
              },
              "uuid": "9b0da8fe-198d-4a1c-9fbd-e94505047826",
              "parentUUID": "b112f2cf-f4b8-4a30-b5be-e938da8c802c",
              "isHook": false,
              "skipped": false
            }
          ],
          "suites": [],
          "passes": [],
          "failures": [
            "9b0da8fe-198d-4a1c-9fbd-e94505047826"
          ],
          "pending": [],
          "skipped": [],
          "duration": 5575,
          "root": false,
          "rootEmpty": false,
          "_timeout": 0
        },
        {
          "uuid": "25931919-4890-464d-a288-4cc9e148517a",
          "title": "search bar test",
          "fullFile": "C:\\Users\\hanig\\Desktop\\ProFinder\\ProFinder-frontend\\test\\searchBar.js",
          "file": "\\test\\searchBar.js",
          "beforeHooks": [],
          "afterHooks": [],
          "tests": [
            {
              "title": "search bar test",
              "fullTitle": "search bar test search bar test",
              "timedOut": false,
              "duration": 1507,
              "state": "passed",
              "speed": "slow",
              "pass": true,
              "fail": false,
              "pending": false,
              "context": null,
              "code": "let driver = await new Builder().forBrowser(Browser.CHROME).build();\nawait driver.get('http://localhost:5173/');\nawait driver.findElement(By.css('.search-input')).sendKeys('hen');\nawait driver.findElement(By.css('.search-button')).click();\nawait driver.quit();",
              "err": {},
              "uuid": "f387a890-98e6-41dd-b6ad-99e524977a9e",
              "parentUUID": "25931919-4890-464d-a288-4cc9e148517a",
              "isHook": false,
              "skipped": false
            }
          ],
          "suites": [],
          "passes": [
            "f387a890-98e6-41dd-b6ad-99e524977a9e"
          ],
          "failures": [],
          "pending": [],
          "skipped": [],
          "duration": 1507,
          "root": false,
          "rootEmpty": false,
          "_timeout": 0
        },
        {
          "uuid": "5f81fee8-221a-47b2-9954-2d4aa2eb21a7",
          "title": "add profile test",
          "fullFile": "C:\\Users\\hanig\\Desktop\\ProFinder\\ProFinder-frontend\\test\\testRunner.js",
          "file": "\\test\\testRunner.js",
          "beforeHooks": [],
          "afterHooks": [],
          "tests": [
            {
              "title": "add profile test on Chrome",
              "fullTitle": "add profile test add profile test on Chrome",
              "timedOut": false,
              "duration": 5297,
              "state": "passed",
              "speed": "slow",
              "pass": true,
              "fail": false,
              "pending": false,
              "context": null,
              "code": "let driver = await new Builder()\n    .usingServer(GRID_URL)\n    .withCapabilities(Capabilities.chrome())\n    .build();\nawait runTest(driver);",
              "err": {},
              "uuid": "e09093d7-9ec0-4bf5-bd11-612b26696d8d",
              "parentUUID": "5f81fee8-221a-47b2-9954-2d4aa2eb21a7",
              "isHook": false,
              "skipped": false
            },
            {
              "title": "add profile test on Edge",
              "fullTitle": "add profile test add profile test on Edge",
              "timedOut": false,
              "duration": 7222,
              "state": "passed",
              "speed": "slow",
              "pass": true,
              "fail": false,
              "pending": false,
              "context": null,
              "code": "let driver = await new Builder()\n    .usingServer(GRID_URL)\n    .withCapabilities(Capabilities.edge())\n    .build();\nawait runTest(driver);",
              "err": {},
              "uuid": "b54f2d21-4d9e-421b-bb18-5390f1abc95c",
              "parentUUID": "5f81fee8-221a-47b2-9954-2d4aa2eb21a7",
              "isHook": false,
              "skipped": false
            }
          ],
          "suites": [],
          "passes": [
            "e09093d7-9ec0-4bf5-bd11-612b26696d8d",
            "b54f2d21-4d9e-421b-bb18-5390f1abc95c"
          ],
          "failures": [],
          "pending": [],
          "skipped": [],
          "duration": 12519,
          "root": false,
          "rootEmpty": false,
          "_timeout": 0
        },
        {
          "uuid": "3ba83f29-7deb-40ef-a657-df0b00ce229e",
          "title": "unique Email test",
          "fullFile": "C:\\Users\\hanig\\Desktop\\ProFinder\\ProFinder-frontend\\test\\uniqueEmail.js",
          "file": "\\test\\uniqueEmail.js",
          "beforeHooks": [],
          "afterHooks": [],
          "tests": [
            {
              "title": "unique email test",
              "fullTitle": "unique Email test unique email test",
              "timedOut": false,
              "duration": 2277,
              "state": "passed",
              "speed": "slow",
              "pass": true,
              "fail": false,
              "pending": false,
              "context": null,
              "code": "let driver = await new Builder().forBrowser(Browser.CHROME).build();\nawait driver.get('http://localhost:5173/');\nawait driver.findElement(By.linkText('Register')).click();\nawait driver.findElement(By.name('name')).sendKeys('example');\nawait driver.findElement(By.name('email')).sendKeys('adir@gmail.com');\nawait driver.findElement(By.name('password')).sendKeys('123456');\nawait driver.findElement(By.css('.btn.btn-success')).click();\n\nawait driver.wait(until.urlIs('http://localhost:5173/RegisterPage'), 3000);\n// Get the current URL\nconst currentUrl = await driver.getCurrentUrl();\n// Assert if the current URL matches the expected URL\nassert.equal(currentUrl, 'http://localhost:5173/RegisterPage', 'Expected URL does not match actual URL');\n\n// Close the browser\nawait driver.quit();",
              "err": {},
              "uuid": "d99f9baa-f270-4051-a540-7cebbe8c0846",
              "parentUUID": "3ba83f29-7deb-40ef-a657-df0b00ce229e",
              "isHook": false,
              "skipped": false
            }
          ],
          "suites": [],
          "passes": [
            "d99f9baa-f270-4051-a540-7cebbe8c0846"
          ],
          "failures": [],
          "pending": [],
          "skipped": [],
          "duration": 2277,
          "root": false,
          "rootEmpty": false,
          "_timeout": 0
        }
      ],
      "passes": [],
      "failures": [],
      "pending": [],
      "skipped": [],
      "duration": 0,
      "root": true,
      "rootEmpty": true,
      "_timeout": 0
    }
  ],
  "meta": {
    "mocha": {
      "version": "10.3.0"
    },
    "mochawesome": {
      "options": {
        "quiet": false,
        "reportFilename": "mochawesome",
        "saveHtml": true,
        "saveJson": true,
        "consoleReporter": "spec",
        "useInlineDiffs": false,
        "code": true
      },
      "version": "7.1.3"
    },
    "marge": {
      "options": null,
      "version": "6.2.0"
    }
  }
}