{
  "stats": {
    "suites": 10,
    "tests": 10,
    "passes": 3,
    "pending": 0,
    "failures": 7,
    "start": "2024-05-24T19:46:04.045Z",
    "end": "2024-05-24T19:46:26.474Z",
    "duration": 22429,
    "testsRegistered": 10,
    "passPercent": 30,
    "pendingPercent": 0,
    "other": 0,
    "hasOther": false,
    "skipped": 0,
    "hasSkipped": false
  },
  "results": [
    {
      "uuid": "7d8f056a-4f2c-4066-b3f5-7c5b91eb9ba3",
      "title": "",
      "fullFile": "",
      "file": "",
      "beforeHooks": [],
      "afterHooks": [],
      "tests": [],
      "suites": [
        {
          "uuid": "671aff8d-2c15-4077-af3e-59cdfdc2831f",
          "title": "add profile test",
          "fullFile": "C:\\Users\\Adir\\Desktop\\ProFinder\\ProFinder-frontend\\test\\addProfile.js",
          "file": "\\test\\addProfile.js",
          "beforeHooks": [],
          "afterHooks": [],
          "tests": [
            {
              "title": "add profile test",
              "fullTitle": "add profile test add profile test",
              "timedOut": false,
              "duration": 5047,
              "state": "failed",
              "speed": null,
              "pass": false,
              "fail": true,
              "pending": false,
              "context": null,
              "code": "let driver = await new Builder().forBrowser(Browser.CHROME).build();\nawait driver.get('http://localhost:5173/');\nawait driver.findElement(By.linkText('Login')).click();\nawait driver.findElement(By.name('email')).sendKeys('adir@gmail.com');\nawait driver.findElement(By.name('password')).sendKeys('123');\nawait driver.findElement(By.css('.btn.btn-success')).click();\nawait driver.wait(until.urlIs('http://localhost:5173/'), 3000);\n\nconst svgButton = await driver.wait(until.elementLocated(By.css(\"svg.text-sky-800.text-5xl\")), 10000);\nawait svgButton.click();\nsleep(1000);\nconst inputFields = await driver.findElements(By.css(\".border-2.border-gray-500.px-4.py-2.w-full\"));\nvar secondInputField = inputFields[0];\nawait secondInputField.clear();\nawait secondInputField.sendKeys('business man');\nsecondInputField = inputFields[1];\nawait secondInputField.sendKeys('new-york');\nsecondInputField = inputFields[2];\nawait secondInputField.sendKeys('999999999');\nawait driver.findElement(By.css(\".p-2.bg-sky-300.m-8\")).click();\n    \nawait driver.wait(until.urlIs('http://localhost:5173/'), 3000);\n// Get the current URL\nconst currentUrl = await driver.getCurrentUrl();\n// Assert if the current URL matches the expected URL\nassert.equal(currentUrl, 'http://localhost:5173/', 'Expected URL does not match actual URL');\n\n// Close the browser\nawait driver.quit();",
              "err": {
                "message": "TimeoutError: Waiting for URL to be \"http://localhost:5173/\"\nWait timed out after 3040ms",
                "estack": "TimeoutError: Waiting for URL to be \"http://localhost:5173/\"\nWait timed out after 3040ms\n    at C:\\Users\\Adir\\Desktop\\ProFinder\\ProFinder-frontend\\node_modules\\selenium-webdriver\\lib\\webdriver.js:910:22\n    at process.processTicksAndRejections (node:internal/process/task_queues:95:5)",
                "diff": null
              },
              "uuid": "bab1d50c-c123-4225-b8af-ab85f4f4b8f1",
              "parentUUID": "671aff8d-2c15-4077-af3e-59cdfdc2831f",
              "isHook": false,
              "skipped": false
            }
          ],
          "suites": [],
          "passes": [],
          "failures": [
            "bab1d50c-c123-4225-b8af-ab85f4f4b8f1"
          ],
          "pending": [],
          "skipped": [],
          "duration": 5047,
          "root": false,
          "rootEmpty": false,
          "_timeout": 0
        },
        {
          "uuid": "9a01b9c3-746d-40f6-839c-25227c7e6c07",
          "title": "deleteProfile test",
          "fullFile": "C:\\Users\\Adir\\Desktop\\ProFinder\\ProFinder-frontend\\test\\deleteProfile.js",
          "file": "\\test\\deleteProfile.js",
          "beforeHooks": [],
          "afterHooks": [],
          "tests": [
            {
              "title": "delete Profile test",
              "fullTitle": "deleteProfile test delete Profile test",
              "timedOut": false,
              "duration": 4338,
              "state": "failed",
              "speed": null,
              "pass": false,
              "fail": true,
              "pending": false,
              "context": null,
              "code": "let driver = await new Builder().forBrowser(Browser.CHROME).build();\nawait driver.get('http://localhost:5173/');\nawait driver.findElement(By.linkText('Login')).click();\nawait driver.findElement(By.name('email')).sendKeys('adir@gmail.com');\nawait driver.findElement(By.name('password')).sendKeys('123');\nawait driver.findElement(By.css('.btn.btn-success')).click();\nawait driver.wait(until.urlIs('http://localhost:5173/'), 3000);\nconst svgButton = await driver.wait(until.elementLocated(By.css(\"svg.text-2xl.text-red-600.hover\\\\:text-black\")), 10000);\nawait svgButton.click();\nsleep(1000);\nawait driver.findElement(By.className('p-4 bg-red-600 text-white m-8 w-full')).click();\n\n// Close the browser\nawait driver.quit();",
              "err": {
                "message": "TimeoutError: Waiting for URL to be \"http://localhost:5173/\"\nWait timed out after 3034ms",
                "estack": "TimeoutError: Waiting for URL to be \"http://localhost:5173/\"\nWait timed out after 3034ms\n    at C:\\Users\\Adir\\Desktop\\ProFinder\\ProFinder-frontend\\node_modules\\selenium-webdriver\\lib\\webdriver.js:910:22\n    at process.processTicksAndRejections (node:internal/process/task_queues:95:5)",
                "diff": null
              },
              "uuid": "0e6b122c-20f9-4006-a61b-9bbc645247a4",
              "parentUUID": "9a01b9c3-746d-40f6-839c-25227c7e6c07",
              "isHook": false,
              "skipped": false
            }
          ],
          "suites": [],
          "passes": [],
          "failures": [
            "0e6b122c-20f9-4006-a61b-9bbc645247a4"
          ],
          "pending": [],
          "skipped": [],
          "duration": 4338,
          "root": false,
          "rootEmpty": false,
          "_timeout": 0
        },
        {
          "uuid": "fe60e5bc-2f3e-4319-8305-e4b946460393",
          "title": "register test",
          "fullFile": "C:\\Users\\Adir\\Desktop\\ProFinder\\ProFinder-frontend\\test\\deleteUser.js",
          "file": "\\test\\deleteUser.js",
          "beforeHooks": [],
          "afterHooks": [],
          "tests": [
            {
              "title": "register test",
              "fullTitle": "register test register test",
              "timedOut": false,
              "duration": 32,
              "state": "passed",
              "speed": "fast",
              "pass": true,
              "fail": false,
              "pending": false,
              "context": null,
              "code": "await deleteUserByEmail('example@gmail.com');",
              "err": {},
              "uuid": "9f3dd713-bf57-45cb-969c-426eca78534e",
              "parentUUID": "fe60e5bc-2f3e-4319-8305-e4b946460393",
              "isHook": false,
              "skipped": false
            }
          ],
          "suites": [],
          "passes": [
            "9f3dd713-bf57-45cb-969c-426eca78534e"
          ],
          "failures": [],
          "pending": [],
          "skipped": [],
          "duration": 32,
          "root": false,
          "rootEmpty": false,
          "_timeout": 0
        },
        {
          "uuid": "da7d5b32-0a04-4a61-bd72-4c25a3267892",
          "title": "edit Location test",
          "fullFile": "C:\\Users\\Adir\\Desktop\\ProFinder\\ProFinder-frontend\\test\\editLocation.js",
          "file": "\\test\\editLocation.js",
          "beforeHooks": [],
          "afterHooks": [],
          "tests": [
            {
              "title": "edit Location test",
              "fullTitle": "edit Location test edit Location test",
              "timedOut": false,
              "duration": 4318,
              "state": "failed",
              "speed": null,
              "pass": false,
              "fail": true,
              "pending": false,
              "context": null,
              "code": "let driver = await new Builder().forBrowser(Browser.CHROME).build();\nawait driver.get('http://localhost:5173/');\nawait driver.findElement(By.linkText('Login')).click();\nawait driver.findElement(By.name('email')).sendKeys('adir@gmail.com');\nawait driver.findElement(By.name('password')).sendKeys('123');\nawait driver.findElement(By.css('.btn.btn-success')).click();\nawait driver.wait(until.urlIs('http://localhost:5173/'), 3000);\n\nconst svgButton = await driver.wait(until.elementLocated(By.css(\"svg.text-2xl.text-yellow-600.hover\\\\:text-black\")), 10000);\nawait svgButton.click();\nsleep(1000);\nconst inputFields = await driver.findElements(By.css(\".border-2.border-gray-500.px-4.py-2.w-full\"));\nconst secondInputField = inputFields[1];\nawait secondInputField.clear();\nawait secondInputField.sendKeys('melech');\nawait driver.findElement(By.css(\".p-2.bg-sky-300.m-8\")).click();\n\n    \nawait driver.wait(until.urlIs('http://localhost:5173/'), 3000);\n// Get the current URL\nconst currentUrl = await driver.getCurrentUrl();\n// Assert if the current URL matches the expected URL\nassert.equal(currentUrl, 'http://localhost:5173/', 'Expected URL does not match actual URL');\n\n// Close the browser\nawait driver.quit();",
              "err": {
                "message": "TimeoutError: Waiting for URL to be \"http://localhost:5173/\"\nWait timed out after 3008ms",
                "estack": "TimeoutError: Waiting for URL to be \"http://localhost:5173/\"\nWait timed out after 3008ms\n    at C:\\Users\\Adir\\Desktop\\ProFinder\\ProFinder-frontend\\node_modules\\selenium-webdriver\\lib\\webdriver.js:910:22\n    at process.processTicksAndRejections (node:internal/process/task_queues:95:5)",
                "diff": null
              },
              "uuid": "3af454a5-4644-4827-bef8-90839fe905d2",
              "parentUUID": "da7d5b32-0a04-4a61-bd72-4c25a3267892",
              "isHook": false,
              "skipped": false
            }
          ],
          "suites": [],
          "passes": [],
          "failures": [
            "3af454a5-4644-4827-bef8-90839fe905d2"
          ],
          "pending": [],
          "skipped": [],
          "duration": 4318,
          "root": false,
          "rootEmpty": false,
          "_timeout": 0
        },
        {
          "uuid": "b270423c-e493-4e12-ba49-1f081f2d52ad",
          "title": "edit Phone test",
          "fullFile": "C:\\Users\\Adir\\Desktop\\ProFinder\\ProFinder-frontend\\test\\editPhone.js",
          "file": "\\test\\editPhone.js",
          "beforeHooks": [],
          "afterHooks": [],
          "tests": [
            {
              "title": "edit Phone test",
              "fullTitle": "edit Phone test edit Phone test",
              "timedOut": false,
              "duration": 3066,
              "state": "failed",
              "speed": null,
              "pass": false,
              "fail": true,
              "pending": false,
              "context": null,
              "code": "let driver = await new Builder().forBrowser(Browser.CHROME).build();\nawait driver.get('http://localhost:5173/');\nawait driver.findElement(By.linkText('Login')).click();\nawait driver.findElement(By.name('email')).sendKeys('adir@gmail.com');\nawait driver.findElement(By.name('password')).sendKeys('123');\nawait driver.findElement(By.css('.btn.btn-success')).click();\nawait driver.wait(until.urlIs('http://localhost:5173/'), 3000);\n\nconst svgButton = await driver.wait(until.elementLocated(By.css(\"svg.text-2xl.text-yellow-600.hover\\\\:text-black\")), 10000);\nawait svgButton.click();\nsleep(1000);\nconst inputFields = await driver.findElements(By.css(\".border-2.border-gray-500.px-4.py-2.w-full\"));\nconst secondInputField = inputFields[2];\nawait secondInputField.clear();\nawait secondInputField.sendKeys('22222');\nawait driver.findElement(By.css(\".p-2.bg-sky-300.m-8\")).click();\n\n    \nawait driver.wait(until.urlIs('http://localhost:5173/'), 3000);\n// Get the current URL\nconst currentUrl = await driver.getCurrentUrl();\n// Assert if the current URL matches the expected URL\nassert.equal(currentUrl, 'http://localhost:5173/', 'Expected URL does not match actual URL');\n\n// Close the browser\nawait driver.quit();",
              "err": {
                "message": "NoSuchWindowError: no such window: target window already closed\nfrom unknown error: web view not found\n  (Session info: chrome=125.0.6422.76)",
                "estack": "NoSuchWindowError: no such window: target window already closed\nfrom unknown error: web view not found\n  (Session info: chrome=125.0.6422.76)\n    at Object.throwDecodedError (node_modules\\selenium-webdriver\\lib\\error.js:521:15)\n    at parseHttpResponse (node_modules\\selenium-webdriver\\lib\\http.js:510:13)\n    at Executor.execute (node_modules\\selenium-webdriver\\lib\\http.js:443:28)\n    at process.processTicksAndRejections (node:internal/process/task_queues:95:5)\n    at async Driver.execute (node_modules\\selenium-webdriver\\lib\\webdriver.js:740:17)",
                "diff": null
              },
              "uuid": "b3f1b2b4-55ef-42c7-9003-8082e6f6e0e1",
              "parentUUID": "b270423c-e493-4e12-ba49-1f081f2d52ad",
              "isHook": false,
              "skipped": false
            }
          ],
          "suites": [],
          "passes": [],
          "failures": [
            "b3f1b2b4-55ef-42c7-9003-8082e6f6e0e1"
          ],
          "pending": [],
          "skipped": [],
          "duration": 3066,
          "root": false,
          "rootEmpty": false,
          "_timeout": 0
        },
        {
          "uuid": "f072b985-0edf-4678-accb-d8697960140c",
          "title": "edit profession test",
          "fullFile": "C:\\Users\\Adir\\Desktop\\ProFinder\\ProFinder-frontend\\test\\editProfession.js",
          "file": "\\test\\editProfession.js",
          "beforeHooks": [],
          "afterHooks": [],
          "tests": [
            {
              "title": "edit profession test",
              "fullTitle": "edit profession test edit profession test",
              "timedOut": false,
              "duration": 878,
              "state": "failed",
              "speed": null,
              "pass": false,
              "fail": true,
              "pending": false,
              "context": null,
              "code": "let driver = await new Builder().forBrowser(Browser.CHROME).build();\nawait driver.get('http://localhost:5173/');\nawait driver.findElement(By.linkText('Login')).click();\nawait driver.findElement(By.name('email')).sendKeys('adir@gmail.com');\nawait driver.findElement(By.name('password')).sendKeys('123');\nawait driver.findElement(By.css('.btn.btn-success')).click();\nawait driver.wait(until.urlIs('http://localhost:5173/'), 3000);\n\nconst svgButton = await driver.wait(until.elementLocated(By.css(\"svg.text-2xl.text-yellow-600.hover\\\\:text-black\")), 10000);\nawait svgButton.click();\nsleep(1000);\nconst inputFields = await driver.findElements(By.css(\".border-2.border-gray-500.px-4.py-2.w-full\"));\nconst secondInputField = inputFields[0];\nawait secondInputField.clear();\nawait secondInputField.sendKeys('sales man');\nawait driver.findElement(By.css(\".p-2.bg-sky-300.m-8\")).click();\n\n    \nawait driver.wait(until.urlIs('http://localhost:5173/'), 3000);\n// Get the current URL\nconst currentUrl = await driver.getCurrentUrl();\n// Assert if the current URL matches the expected URL\nassert.equal(currentUrl, 'http://localhost:5173/', 'Expected URL does not match actual URL');\n\n// Close the browser\nawait driver.quit();",
              "err": {
                "message": "NoSuchWindowError: no such window: target window already closed\nfrom unknown error: web view not found\n  (Session info: chrome=125.0.6422.76)",
                "estack": "NoSuchWindowError: no such window: target window already closed\nfrom unknown error: web view not found\n  (Session info: chrome=125.0.6422.76)\n    at Object.throwDecodedError (node_modules\\selenium-webdriver\\lib\\error.js:521:15)\n    at parseHttpResponse (node_modules\\selenium-webdriver\\lib\\http.js:510:13)\n    at Executor.execute (node_modules\\selenium-webdriver\\lib\\http.js:443:28)\n    at process.processTicksAndRejections (node:internal/process/task_queues:95:5)\n    at async Driver.execute (node_modules\\selenium-webdriver\\lib\\webdriver.js:740:17)\n    at async toWireValue (node_modules\\selenium-webdriver\\lib\\webdriver.js:146:15)\n    at async C:\\Users\\Adir\\Desktop\\ProFinder\\ProFinder-frontend\\node_modules\\selenium-webdriver\\lib\\webdriver.js:192:16\n    at async forEachKey (node_modules\\selenium-webdriver\\lib\\webdriver.js:186:9)\n    at async convertKeys (node_modules\\selenium-webdriver\\lib\\webdriver.js:191:3)\n    at async Driver.execute (node_modules\\selenium-webdriver\\lib\\webdriver.js:738:22)\n    at async Context.<anonymous> (file:///C:/Users/Adir/Desktop/ProFinder/ProFinder-frontend/test/editProfession.js:19:9)",
                "diff": null
              },
              "uuid": "a309b386-375c-4f16-b525-64fefadffa1e",
              "parentUUID": "f072b985-0edf-4678-accb-d8697960140c",
              "isHook": false,
              "skipped": false
            }
          ],
          "suites": [],
          "passes": [],
          "failures": [
            "a309b386-375c-4f16-b525-64fefadffa1e"
          ],
          "pending": [],
          "skipped": [],
          "duration": 878,
          "root": false,
          "rootEmpty": false,
          "_timeout": 0
        },
        {
          "uuid": "9ebb6442-fd87-4fa6-8c8f-7420e2f84c15",
          "title": "login test",
          "fullFile": "C:\\Users\\Adir\\Desktop\\ProFinder\\ProFinder-frontend\\test\\loginTest.js",
          "file": "\\test\\loginTest.js",
          "beforeHooks": [],
          "afterHooks": [],
          "tests": [
            {
              "title": "login test",
              "fullTitle": "login test login test",
              "timedOut": false,
              "duration": 880,
              "state": "failed",
              "speed": null,
              "pass": false,
              "fail": true,
              "pending": false,
              "context": null,
              "code": "let driver = await new Builder().forBrowser(Browser.CHROME).build();\nawait driver.get('http://localhost:5173/');\nawait driver.findElement(By.linkText('Login')).click();\nawait driver.findElement(By.name('email')).sendKeys('adir@gmail.com');\nawait driver.findElement(By.name('password')).sendKeys('123');\nawait driver.findElement(By.css('.btn.btn-success')).click();\n\nawait driver.wait(until.urlIs('http://localhost:5173/'), 3000);\n// Get the current URL\nconst currentUrl = await driver.getCurrentUrl();\n// Assert if the current URL matches the expected URL\nassert.equal(currentUrl, 'http://localhost:5173/', 'Expected URL does not match actual URL');\n\n// Close the browser\nawait driver.quit();",
              "err": {
                "message": "NoSuchWindowError: no such window: target window already closed\nfrom unknown error: web view not found\n  (Session info: chrome=125.0.6422.76)",
                "estack": "NoSuchWindowError: no such window: target window already closed\nfrom unknown error: web view not found\n  (Session info: chrome=125.0.6422.76)\n    at Object.throwDecodedError (node_modules\\selenium-webdriver\\lib\\error.js:521:15)\n    at parseHttpResponse (node_modules\\selenium-webdriver\\lib\\http.js:510:13)\n    at Executor.execute (node_modules\\selenium-webdriver\\lib\\http.js:443:28)\n    at process.processTicksAndRejections (node:internal/process/task_queues:95:5)\n    at async Driver.execute (node_modules\\selenium-webdriver\\lib\\webdriver.js:740:17)\n    at async Context.<anonymous> (file:///C:/Users/Adir/Desktop/ProFinder/ProFinder-frontend/test/loginTest.js:9:9)",
                "diff": null
              },
              "uuid": "feb4d9ca-81c9-46d5-a0b4-6531e819c964",
              "parentUUID": "9ebb6442-fd87-4fa6-8c8f-7420e2f84c15",
              "isHook": false,
              "skipped": false
            }
          ],
          "suites": [],
          "passes": [],
          "failures": [
            "feb4d9ca-81c9-46d5-a0b4-6531e819c964"
          ],
          "pending": [],
          "skipped": [],
          "duration": 880,
          "root": false,
          "rootEmpty": false,
          "_timeout": 0
        },
        {
          "uuid": "de33ed72-ddc3-44b3-886a-3c572549d30f",
          "title": "register test",
          "fullFile": "C:\\Users\\Adir\\Desktop\\ProFinder\\ProFinder-frontend\\test\\registerTest.js",
          "file": "\\test\\registerTest.js",
          "beforeHooks": [],
          "afterHooks": [],
          "tests": [
            {
              "title": "register test",
              "fullTitle": "register test register test",
              "timedOut": false,
              "duration": 1145,
              "state": "failed",
              "speed": null,
              "pass": false,
              "fail": true,
              "pending": false,
              "context": null,
              "code": "let driver = await new Builder().forBrowser(Browser.CHROME).build();\nawait driver.get('http://localhost:5173/');\nawait driver.findElement(By.linkText('Register')).click();\nawait driver.findElement(By.name('name')).sendKeys('example');\nawait driver.findElement(By.name('email')).sendKeys('example@gmail.com');\nawait driver.findElement(By.name('password')).sendKeys('123456');\nawait driver.findElement(By.css('.btn.btn-success')).click();\n\nawait driver.wait(until.urlIs('http://localhost:5173/LoginPage'), 3000);\n// Get the current URL\nconst currentUrl = await driver.getCurrentUrl();\n// Assert if the current URL matches the expected URL\nassert.equal(currentUrl, 'http://localhost:5173/LoginPage', 'Expected URL does not match actual URL');\n\n// Close the browser\nawait driver.quit();",
              "err": {
                "message": "NoSuchWindowError: no such window: target window already closed\nfrom unknown error: web view not found\n  (Session info: chrome=125.0.6422.76)",
                "estack": "NoSuchWindowError: no such window: target window already closed\nfrom unknown error: web view not found\n  (Session info: chrome=125.0.6422.76)\n    at Object.throwDecodedError (node_modules\\selenium-webdriver\\lib\\error.js:521:15)\n    at parseHttpResponse (node_modules\\selenium-webdriver\\lib\\http.js:510:13)\n    at Executor.execute (node_modules\\selenium-webdriver\\lib\\http.js:443:28)\n    at process.processTicksAndRejections (node:internal/process/task_queues:95:5)\n    at async Driver.execute (node_modules\\selenium-webdriver\\lib\\webdriver.js:740:17)\n    at async toWireValue (node_modules\\selenium-webdriver\\lib\\webdriver.js:146:15)\n    at async C:\\Users\\Adir\\Desktop\\ProFinder\\ProFinder-frontend\\node_modules\\selenium-webdriver\\lib\\webdriver.js:192:16\n    at async forEachKey (node_modules\\selenium-webdriver\\lib\\webdriver.js:186:9)\n    at async convertKeys (node_modules\\selenium-webdriver\\lib\\webdriver.js:191:3)\n    at async Driver.execute (node_modules\\selenium-webdriver\\lib\\webdriver.js:738:22)\n    at async Context.<anonymous> (file:///C:/Users/Adir/Desktop/ProFinder/ProFinder-frontend/test/registerTest.js:11:9)",
                "diff": null
              },
              "uuid": "5c4f57eb-29bf-4c83-a332-506eb506b9f3",
              "parentUUID": "de33ed72-ddc3-44b3-886a-3c572549d30f",
              "isHook": false,
              "skipped": false
            }
          ],
          "suites": [],
          "passes": [],
          "failures": [
            "5c4f57eb-29bf-4c83-a332-506eb506b9f3"
          ],
          "pending": [],
          "skipped": [],
          "duration": 1145,
          "root": false,
          "rootEmpty": false,
          "_timeout": 0
        },
        {
          "uuid": "473b59f3-23a5-4de3-9ea4-a54205abd886",
          "title": "search bar test",
          "fullFile": "C:\\Users\\Adir\\Desktop\\ProFinder\\ProFinder-frontend\\test\\searchBar.js",
          "file": "\\test\\searchBar.js",
          "beforeHooks": [],
          "afterHooks": [],
          "tests": [
            {
              "title": "search bar test",
              "fullTitle": "search bar test search bar test",
              "timedOut": false,
              "duration": 1235,
              "state": "passed",
              "speed": "slow",
              "pass": true,
              "fail": false,
              "pending": false,
              "context": null,
              "code": "let driver = await new Builder().forBrowser(Browser.CHROME).build();\nawait driver.get('http://localhost:5173/');\nawait driver.findElement(By.css('.search-input')).sendKeys('hen');\nawait driver.findElement(By.css('.search-button')).click();\nawait driver.quit();",
              "err": {},
              "uuid": "63f0b761-9fe5-4bee-828d-4bbccfcec6bd",
              "parentUUID": "473b59f3-23a5-4de3-9ea4-a54205abd886",
              "isHook": false,
              "skipped": false
            }
          ],
          "suites": [],
          "passes": [
            "63f0b761-9fe5-4bee-828d-4bbccfcec6bd"
          ],
          "failures": [],
          "pending": [],
          "skipped": [],
          "duration": 1235,
          "root": false,
          "rootEmpty": false,
          "_timeout": 0
        },
        {
          "uuid": "0c715a6f-0760-47d8-bc07-273b69144952",
          "title": "unique Email test",
          "fullFile": "C:\\Users\\Adir\\Desktop\\ProFinder\\ProFinder-frontend\\test\\uniqueEmail.js",
          "file": "\\test\\uniqueEmail.js",
          "beforeHooks": [],
          "afterHooks": [],
          "tests": [
            {
              "title": "unique email test",
              "fullTitle": "unique Email test unique email test",
              "timedOut": false,
              "duration": 1470,
              "state": "passed",
              "speed": "slow",
              "pass": true,
              "fail": false,
              "pending": false,
              "context": null,
              "code": "let driver = await new Builder().forBrowser(Browser.CHROME).build();\nawait driver.get('http://localhost:5173/');\nawait driver.findElement(By.linkText('Register')).click();\nawait driver.findElement(By.name('name')).sendKeys('example');\nawait driver.findElement(By.name('email')).sendKeys('adir@gmail.com');\nawait driver.findElement(By.name('password')).sendKeys('123456');\nawait driver.findElement(By.css('.btn.btn-success')).click();\n\nawait driver.wait(until.urlIs('http://localhost:5173/RegisterPage'), 3000);\n// Get the current URL\nconst currentUrl = await driver.getCurrentUrl();\n// Assert if the current URL matches the expected URL\nassert.equal(currentUrl, 'http://localhost:5173/RegisterPage', 'Expected URL does not match actual URL');\n\n// Close the browser\nawait driver.quit();",
              "err": {},
              "uuid": "baf2ce38-80ed-402a-9090-9f6697626d5f",
              "parentUUID": "0c715a6f-0760-47d8-bc07-273b69144952",
              "isHook": false,
              "skipped": false
            }
          ],
          "suites": [],
          "passes": [
            "baf2ce38-80ed-402a-9090-9f6697626d5f"
          ],
          "failures": [],
          "pending": [],
          "skipped": [],
          "duration": 1470,
          "root": false,
          "rootEmpty": false,
          "_timeout": 0
        }
      ],
      "passes": [],
      "failures": [],
      "pending": [],
      "skipped": [],
      "duration": 0,
      "root": true,
      "rootEmpty": true,
      "_timeout": 0
    }
  ],
  "meta": {
    "mocha": {
      "version": "10.3.0"
    },
    "mochawesome": {
      "options": {
        "quiet": false,
        "reportFilename": "mochawesome",
        "saveHtml": true,
        "saveJson": true,
        "consoleReporter": "spec",
        "useInlineDiffs": false,
        "code": true
      },
      "version": "7.1.3"
    },
    "marge": {
      "options": null,
      "version": "6.2.0"
    }
  }
}