{
  "stats": {
    "suites": 10,
    "tests": 10,
    "passes": 3,
    "pending": 0,
    "failures": 7,
    "start": "2024-05-25T11:11:09.922Z",
    "end": "2024-05-25T11:11:44.202Z",
    "duration": 34280,
    "testsRegistered": 10,
    "passPercent": 30,
    "pendingPercent": 0,
    "other": 0,
    "hasOther": false,
    "skipped": 0,
    "hasSkipped": false
  },
  "results": [
    {
      "uuid": "13407f15-36ad-4005-bf46-e1b6eea3037d",
      "title": "",
      "fullFile": "",
      "file": "",
      "beforeHooks": [],
      "afterHooks": [],
      "tests": [],
      "suites": [
        {
          "uuid": "8cec2443-5a6f-4225-ad62-7d24f4e4baa1",
          "title": "add profile test",
          "fullFile": "D:\\My Projects\\ProFinder-frontend\\test\\addProfile.js",
          "file": "\\test\\addProfile.js",
          "beforeHooks": [],
          "afterHooks": [],
          "tests": [
            {
              "title": "add profile test",
              "fullTitle": "add profile test add profile test",
              "timedOut": false,
              "duration": 4557,
              "state": "failed",
              "speed": null,
              "pass": false,
              "fail": true,
              "pending": false,
              "context": null,
              "code": "let driver = await new Builder().forBrowser(Browser.CHROME).build();\nawait driver.get('http://localhost:5173/');\nawait driver.findElement(By.linkText('Login')).click();\nawait driver.findElement(By.name('email')).sendKeys('adir@gmail.com');\nawait driver.findElement(By.name('password')).sendKeys('123');\nawait driver.findElement(By.css('.btn.btn-success')).click();\nawait driver.wait(until.urlIs('http://localhost:5173/'), 3000);\n\nconst svgButton = await driver.wait(until.elementLocated(By.css(\"svg.text-sky-800.text-5xl\")), 10000);\nawait svgButton.click();\nsleep(1000);\nconst inputFields = await driver.findElements(By.css(\".border-2.border-gray-500.px-4.py-2.w-full\"));\nvar secondInputField = inputFields[0];\nawait secondInputField.clear();\nawait secondInputField.sendKeys('business man');\nsecondInputField = inputFields[1];\nawait secondInputField.sendKeys('new-york');\nsecondInputField = inputFields[2];\nawait secondInputField.sendKeys('999999999');\nawait driver.findElement(By.css(\".p-2.bg-sky-300.m-8\")).click();\n    \nawait driver.wait(until.urlIs('http://localhost:5173/'), 3000);\n// Get the current URL\nconst currentUrl = await driver.getCurrentUrl();\n// Assert if the current URL matches the expected URL\nassert.equal(currentUrl, 'http://localhost:5173/', 'Expected URL does not match actual URL');\n\n// Close the browser\nawait driver.quit();",
              "err": {
                "message": "TimeoutError: Waiting for URL to be \"http://localhost:5173/\"\nWait timed out after 3026ms",
                "estack": "TimeoutError: Waiting for URL to be \"http://localhost:5173/\"\nWait timed out after 3026ms\n    at D:\\My Projects\\ProFinder-frontend\\node_modules\\selenium-webdriver\\lib\\webdriver.js:910:22\n    at process.processTicksAndRejections (node:internal/process/task_queues:95:5)",
                "diff": null
              },
              "uuid": "b4a32344-1fd1-4e38-9b07-619e090dbdd6",
              "parentUUID": "8cec2443-5a6f-4225-ad62-7d24f4e4baa1",
              "isHook": false,
              "skipped": false
            }
          ],
          "suites": [],
          "passes": [],
          "failures": [
            "b4a32344-1fd1-4e38-9b07-619e090dbdd6"
          ],
          "pending": [],
          "skipped": [],
          "duration": 4557,
          "root": false,
          "rootEmpty": false,
          "_timeout": 0
        },
        {
          "uuid": "4ab188ce-fbcb-40aa-982e-fce18299c6dc",
          "title": "deleteProfile test",
          "fullFile": "D:\\My Projects\\ProFinder-frontend\\test\\deleteProfile.js",
          "file": "\\test\\deleteProfile.js",
          "beforeHooks": [],
          "afterHooks": [],
          "tests": [
            {
              "title": "delete Profile test",
              "fullTitle": "deleteProfile test delete Profile test",
              "timedOut": false,
              "duration": 4328,
              "state": "failed",
              "speed": null,
              "pass": false,
              "fail": true,
              "pending": false,
              "context": null,
              "code": "let driver = await new Builder().forBrowser(Browser.CHROME).build();\nawait driver.get('http://localhost:5173/');\nawait driver.findElement(By.linkText('Login')).click();\nawait driver.findElement(By.name('email')).sendKeys('adir@gmail.com');\nawait driver.findElement(By.name('password')).sendKeys('123');\nawait driver.findElement(By.css('.btn.btn-success')).click();\nawait driver.wait(until.urlIs('http://localhost:5173/'), 3000);\nconst svgButton = await driver.wait(until.elementLocated(By.css(\"svg.text-2xl.text-red-600.hover\\\\:text-black\")), 10000);\nawait svgButton.click();\nsleep(1000);\nawait driver.findElement(By.className('p-4 bg-red-600 text-white m-8 w-full')).click();\n\n// Close the browser\nawait driver.quit();",
              "err": {
                "message": "TimeoutError: Waiting for URL to be \"http://localhost:5173/\"\nWait timed out after 3038ms",
                "estack": "TimeoutError: Waiting for URL to be \"http://localhost:5173/\"\nWait timed out after 3038ms\n    at D:\\My Projects\\ProFinder-frontend\\node_modules\\selenium-webdriver\\lib\\webdriver.js:910:22\n    at process.processTicksAndRejections (node:internal/process/task_queues:95:5)",
                "diff": null
              },
              "uuid": "cf356ebe-d4fb-40fb-8b14-bb0ff7b2f23c",
              "parentUUID": "4ab188ce-fbcb-40aa-982e-fce18299c6dc",
              "isHook": false,
              "skipped": false
            }
          ],
          "suites": [],
          "passes": [],
          "failures": [
            "cf356ebe-d4fb-40fb-8b14-bb0ff7b2f23c"
          ],
          "pending": [],
          "skipped": [],
          "duration": 4328,
          "root": false,
          "rootEmpty": false,
          "_timeout": 0
        },
        {
          "uuid": "7ad85bb9-5322-4438-8c07-07b79790a01d",
          "title": "register test",
          "fullFile": "D:\\My Projects\\ProFinder-frontend\\test\\deleteUser.js",
          "file": "\\test\\deleteUser.js",
          "beforeHooks": [],
          "afterHooks": [],
          "tests": [
            {
              "title": "register test",
              "fullTitle": "register test register test",
              "timedOut": false,
              "duration": 54,
              "state": "passed",
              "speed": "medium",
              "pass": true,
              "fail": false,
              "pending": false,
              "context": null,
              "code": "await deleteUserByEmail('example@gmail.com');",
              "err": {},
              "uuid": "ca301932-50b1-45ce-9f99-ac88c1e83337",
              "parentUUID": "7ad85bb9-5322-4438-8c07-07b79790a01d",
              "isHook": false,
              "skipped": false
            }
          ],
          "suites": [],
          "passes": [
            "ca301932-50b1-45ce-9f99-ac88c1e83337"
          ],
          "failures": [],
          "pending": [],
          "skipped": [],
          "duration": 54,
          "root": false,
          "rootEmpty": false,
          "_timeout": 0
        },
        {
          "uuid": "6db6fa10-090b-4714-a983-e82f6b07087c",
          "title": "edit Location test",
          "fullFile": "D:\\My Projects\\ProFinder-frontend\\test\\editLocation.js",
          "file": "\\test\\editLocation.js",
          "beforeHooks": [],
          "afterHooks": [],
          "tests": [
            {
              "title": "edit Location test",
              "fullTitle": "edit Location test edit Location test",
              "timedOut": false,
              "duration": 4359,
              "state": "failed",
              "speed": null,
              "pass": false,
              "fail": true,
              "pending": false,
              "context": null,
              "code": "let driver = await new Builder().forBrowser(Browser.CHROME).build();\nawait driver.get('http://localhost:5173/');\nawait driver.findElement(By.linkText('Login')).click();\nawait driver.findElement(By.name('email')).sendKeys('adir@gmail.com');\nawait driver.findElement(By.name('password')).sendKeys('123');\nawait driver.findElement(By.css('.btn.btn-success')).click();\nawait driver.wait(until.urlIs('http://localhost:5173/'), 3000);\n\nconst svgButton = await driver.wait(until.elementLocated(By.css(\"svg.text-2xl.text-yellow-600.hover\\\\:text-black\")), 10000);\nawait svgButton.click();\nsleep(1000);\nconst inputFields = await driver.findElements(By.css(\".border-2.border-gray-500.px-4.py-2.w-full\"));\nconst secondInputField = inputFields[1];\nawait secondInputField.clear();\nawait secondInputField.sendKeys('melech');\nawait driver.findElement(By.css(\".p-2.bg-sky-300.m-8\")).click();\n\n    \nawait driver.wait(until.urlIs('http://localhost:5173/'), 3000);\n// Get the current URL\nconst currentUrl = await driver.getCurrentUrl();\n// Assert if the current URL matches the expected URL\nassert.equal(currentUrl, 'http://localhost:5173/', 'Expected URL does not match actual URL');\n\n// Close the browser\nawait driver.quit();",
              "err": {
                "message": "TimeoutError: Waiting for URL to be \"http://localhost:5173/\"\nWait timed out after 3007ms",
                "estack": "TimeoutError: Waiting for URL to be \"http://localhost:5173/\"\nWait timed out after 3007ms\n    at D:\\My Projects\\ProFinder-frontend\\node_modules\\selenium-webdriver\\lib\\webdriver.js:910:22\n    at process.processTicksAndRejections (node:internal/process/task_queues:95:5)",
                "diff": null
              },
              "uuid": "b0a06c23-db60-4167-9306-ce0a7e939b1f",
              "parentUUID": "6db6fa10-090b-4714-a983-e82f6b07087c",
              "isHook": false,
              "skipped": false
            }
          ],
          "suites": [],
          "passes": [],
          "failures": [
            "b0a06c23-db60-4167-9306-ce0a7e939b1f"
          ],
          "pending": [],
          "skipped": [],
          "duration": 4359,
          "root": false,
          "rootEmpty": false,
          "_timeout": 0
        },
        {
          "uuid": "fcfebe51-5650-4183-a512-721b25386e3b",
          "title": "edit Phone test",
          "fullFile": "D:\\My Projects\\ProFinder-frontend\\test\\editPhone.js",
          "file": "\\test\\editPhone.js",
          "beforeHooks": [],
          "afterHooks": [],
          "tests": [
            {
              "title": "edit Phone test",
              "fullTitle": "edit Phone test edit Phone test",
              "timedOut": false,
              "duration": 4302,
              "state": "failed",
              "speed": null,
              "pass": false,
              "fail": true,
              "pending": false,
              "context": null,
              "code": "let driver = await new Builder().forBrowser(Browser.CHROME).build();\nawait driver.get('http://localhost:5173/');\nawait driver.findElement(By.linkText('Login')).click();\nawait driver.findElement(By.name('email')).sendKeys('adir@gmail.com');\nawait driver.findElement(By.name('password')).sendKeys('123');\nawait driver.findElement(By.css('.btn.btn-success')).click();\nawait driver.wait(until.urlIs('http://localhost:5173/'), 3000);\n\nconst svgButton = await driver.wait(until.elementLocated(By.css(\"svg.text-2xl.text-yellow-600.hover\\\\:text-black\")), 10000);\nawait svgButton.click();\nsleep(1000);\nconst inputFields = await driver.findElements(By.css(\".border-2.border-gray-500.px-4.py-2.w-full\"));\nconst secondInputField = inputFields[2];\nawait secondInputField.clear();\nawait secondInputField.sendKeys('22222');\nawait driver.findElement(By.css(\".p-2.bg-sky-300.m-8\")).click();\n\n    \nawait driver.wait(until.urlIs('http://localhost:5173/'), 3000);\n// Get the current URL\nconst currentUrl = await driver.getCurrentUrl();\n// Assert if the current URL matches the expected URL\nassert.equal(currentUrl, 'http://localhost:5173/', 'Expected URL does not match actual URL');\n\n// Close the browser\nawait driver.quit();",
              "err": {
                "message": "TimeoutError: Waiting for URL to be \"http://localhost:5173/\"\nWait timed out after 3035ms",
                "estack": "TimeoutError: Waiting for URL to be \"http://localhost:5173/\"\nWait timed out after 3035ms\n    at D:\\My Projects\\ProFinder-frontend\\node_modules\\selenium-webdriver\\lib\\webdriver.js:910:22\n    at process.processTicksAndRejections (node:internal/process/task_queues:95:5)",
                "diff": null
              },
              "uuid": "db25b6ff-7f7b-42c9-839a-df4d1ce3976c",
              "parentUUID": "fcfebe51-5650-4183-a512-721b25386e3b",
              "isHook": false,
              "skipped": false
            }
          ],
          "suites": [],
          "passes": [],
          "failures": [
            "db25b6ff-7f7b-42c9-839a-df4d1ce3976c"
          ],
          "pending": [],
          "skipped": [],
          "duration": 4302,
          "root": false,
          "rootEmpty": false,
          "_timeout": 0
        },
        {
          "uuid": "301f2fbc-3512-4b67-b50a-1114311fe37b",
          "title": "edit profession test",
          "fullFile": "D:\\My Projects\\ProFinder-frontend\\test\\editProfession.js",
          "file": "\\test\\editProfession.js",
          "beforeHooks": [],
          "afterHooks": [],
          "tests": [
            {
              "title": "edit profession test",
              "fullTitle": "edit profession test edit profession test",
              "timedOut": false,
              "duration": 4453,
              "state": "failed",
              "speed": null,
              "pass": false,
              "fail": true,
              "pending": false,
              "context": null,
              "code": "let driver = await new Builder().forBrowser(Browser.CHROME).build();\nawait driver.get('http://localhost:5173/');\nawait driver.findElement(By.linkText('Login')).click();\nawait driver.findElement(By.name('email')).sendKeys('adir@gmail.com');\nawait driver.findElement(By.name('password')).sendKeys('123');\nawait driver.findElement(By.css('.btn.btn-success')).click();\nawait driver.wait(until.urlIs('http://localhost:5173/'), 3000);\n\nconst svgButton = await driver.wait(until.elementLocated(By.css(\"svg.text-2xl.text-yellow-600.hover\\\\:text-black\")), 10000);\nawait svgButton.click();\nsleep(1000);\nconst inputFields = await driver.findElements(By.css(\".border-2.border-gray-500.px-4.py-2.w-full\"));\nconst secondInputField = inputFields[0];\nawait secondInputField.clear();\nawait secondInputField.sendKeys('sales man');\nawait driver.findElement(By.css(\".p-2.bg-sky-300.m-8\")).click();\n\n    \nawait driver.wait(until.urlIs('http://localhost:5173/'), 3000);\n// Get the current URL\nconst currentUrl = await driver.getCurrentUrl();\n// Assert if the current URL matches the expected URL\nassert.equal(currentUrl, 'http://localhost:5173/', 'Expected URL does not match actual URL');\n\n// Close the browser\nawait driver.quit();",
              "err": {
                "message": "TimeoutError: Waiting for URL to be \"http://localhost:5173/\"\nWait timed out after 3021ms",
                "estack": "TimeoutError: Waiting for URL to be \"http://localhost:5173/\"\nWait timed out after 3021ms\n    at D:\\My Projects\\ProFinder-frontend\\node_modules\\selenium-webdriver\\lib\\webdriver.js:910:22\n    at process.processTicksAndRejections (node:internal/process/task_queues:95:5)",
                "diff": null
              },
              "uuid": "78056111-ce63-4d89-8d94-55f0cd684183",
              "parentUUID": "301f2fbc-3512-4b67-b50a-1114311fe37b",
              "isHook": false,
              "skipped": false
            }
          ],
          "suites": [],
          "passes": [],
          "failures": [
            "78056111-ce63-4d89-8d94-55f0cd684183"
          ],
          "pending": [],
          "skipped": [],
          "duration": 4453,
          "root": false,
          "rootEmpty": false,
          "_timeout": 0
        },
        {
          "uuid": "9b48d7bd-a187-4d02-9500-1e43b049d972",
          "title": "login test",
          "fullFile": "D:\\My Projects\\ProFinder-frontend\\test\\loginTest.js",
          "file": "\\test\\loginTest.js",
          "beforeHooks": [],
          "afterHooks": [],
          "tests": [
            {
              "title": "login test",
              "fullTitle": "login test login test",
              "timedOut": false,
              "duration": 4860,
              "state": "failed",
              "speed": null,
              "pass": false,
              "fail": true,
              "pending": false,
              "context": null,
              "code": "let driver = await new Builder().forBrowser(Browser.CHROME).build();\nawait driver.get('http://localhost:5173/');\nawait driver.findElement(By.linkText('Login')).click();\nawait driver.findElement(By.name('email')).sendKeys('adir@gmail.com');\nawait driver.findElement(By.name('password')).sendKeys('123');\nawait driver.findElement(By.css('.btn.btn-success')).click();\n\nawait driver.wait(until.urlIs('http://localhost:5173/'), 3000);\n// Get the current URL\nconst currentUrl = await driver.getCurrentUrl();\n// Assert if the current URL matches the expected URL\nassert.equal(currentUrl, 'http://localhost:5173/', 'Expected URL does not match actual URL');\n\n// Close the browser\nawait driver.quit();",
              "err": {
                "message": "TimeoutError: Waiting for URL to be \"http://localhost:5173/\"\nWait timed out after 3018ms",
                "estack": "TimeoutError: Waiting for URL to be \"http://localhost:5173/\"\nWait timed out after 3018ms\n    at D:\\My Projects\\ProFinder-frontend\\node_modules\\selenium-webdriver\\lib\\webdriver.js:910:22\n    at process.processTicksAndRejections (node:internal/process/task_queues:95:5)",
                "diff": null
              },
              "uuid": "1e7e52a2-4a9d-45de-9902-e00c73e00857",
              "parentUUID": "9b48d7bd-a187-4d02-9500-1e43b049d972",
              "isHook": false,
              "skipped": false
            }
          ],
          "suites": [],
          "passes": [],
          "failures": [
            "1e7e52a2-4a9d-45de-9902-e00c73e00857"
          ],
          "pending": [],
          "skipped": [],
          "duration": 4860,
          "root": false,
          "rootEmpty": false,
          "_timeout": 0
        },
        {
          "uuid": "f228a457-4c1a-403b-893e-625c89277f4b",
          "title": "register test",
          "fullFile": "D:\\My Projects\\ProFinder-frontend\\test\\registerTest.js",
          "file": "\\test\\registerTest.js",
          "beforeHooks": [],
          "afterHooks": [],
          "tests": [
            {
              "title": "register test",
              "fullTitle": "register test register test",
              "timedOut": false,
              "duration": 4563,
              "state": "failed",
              "speed": null,
              "pass": false,
              "fail": true,
              "pending": false,
              "context": null,
              "code": "let driver = await new Builder().forBrowser(Browser.CHROME).build();\nawait driver.get('http://localhost:5173/');\nawait driver.findElement(By.linkText('Register')).click();\nawait driver.findElement(By.name('name')).sendKeys('example');\nawait driver.findElement(By.name('email')).sendKeys('example@gmail.com');\nawait driver.findElement(By.name('password')).sendKeys('123456');\nawait driver.findElement(By.css('.btn.btn-success')).click();\n\nawait driver.wait(until.urlIs('http://localhost:5173/LoginPage'), 3000);\n// Get the current URL\nconst currentUrl = await driver.getCurrentUrl();\n// Assert if the current URL matches the expected URL\nassert.equal(currentUrl, 'http://localhost:5173/LoginPage', 'Expected URL does not match actual URL');\n\n// Close the browser\nawait driver.quit();",
              "err": {
                "message": "TimeoutError: Waiting for URL to be \"http://localhost:5173/LoginPage\"\nWait timed out after 3007ms",
                "estack": "TimeoutError: Waiting for URL to be \"http://localhost:5173/LoginPage\"\nWait timed out after 3007ms\n    at D:\\My Projects\\ProFinder-frontend\\node_modules\\selenium-webdriver\\lib\\webdriver.js:910:22\n    at process.processTicksAndRejections (node:internal/process/task_queues:95:5)",
                "diff": null
              },
              "uuid": "31374b94-b905-446a-9ec1-a211f20043c3",
              "parentUUID": "f228a457-4c1a-403b-893e-625c89277f4b",
              "isHook": false,
              "skipped": false
            }
          ],
          "suites": [],
          "passes": [],
          "failures": [
            "31374b94-b905-446a-9ec1-a211f20043c3"
          ],
          "pending": [],
          "skipped": [],
          "duration": 4563,
          "root": false,
          "rootEmpty": false,
          "_timeout": 0
        },
        {
          "uuid": "47b0db99-b9ea-415a-9a5a-93397f723c94",
          "title": "search bar test",
          "fullFile": "D:\\My Projects\\ProFinder-frontend\\test\\searchBar.js",
          "file": "\\test\\searchBar.js",
          "beforeHooks": [],
          "afterHooks": [],
          "tests": [
            {
              "title": "search bar test",
              "fullTitle": "search bar test search bar test",
              "timedOut": false,
              "duration": 1171,
              "state": "passed",
              "speed": "slow",
              "pass": true,
              "fail": false,
              "pending": false,
              "context": null,
              "code": "let driver = await new Builder().forBrowser(Browser.CHROME).build();\nawait driver.get('http://localhost:5173/');\nawait driver.findElement(By.css('.search-input')).sendKeys('hen');\nawait driver.findElement(By.css('.search-button')).click();\nawait driver.quit();",
              "err": {},
              "uuid": "3f8101bb-39b1-4037-bcb4-17face120626",
              "parentUUID": "47b0db99-b9ea-415a-9a5a-93397f723c94",
              "isHook": false,
              "skipped": false
            }
          ],
          "suites": [],
          "passes": [
            "3f8101bb-39b1-4037-bcb4-17face120626"
          ],
          "failures": [],
          "pending": [],
          "skipped": [],
          "duration": 1171,
          "root": false,
          "rootEmpty": false,
          "_timeout": 0
        },
        {
          "uuid": "56b42f6e-86a6-40b7-a698-91a1ea05eb34",
          "title": "unique Email test",
          "fullFile": "D:\\My Projects\\ProFinder-frontend\\test\\uniqueEmail.js",
          "file": "\\test\\uniqueEmail.js",
          "beforeHooks": [],
          "afterHooks": [],
          "tests": [
            {
              "title": "unique email test",
              "fullTitle": "unique Email test unique email test",
              "timedOut": false,
              "duration": 1617,
              "state": "passed",
              "speed": "slow",
              "pass": true,
              "fail": false,
              "pending": false,
              "context": null,
              "code": "let driver = await new Builder().forBrowser(Browser.CHROME).build();\nawait driver.get('http://localhost:5173/');\nawait driver.findElement(By.linkText('Register')).click();\nawait driver.findElement(By.name('name')).sendKeys('example');\nawait driver.findElement(By.name('email')).sendKeys('adir@gmail.com');\nawait driver.findElement(By.name('password')).sendKeys('123456');\nawait driver.findElement(By.css('.btn.btn-success')).click();\n\nawait driver.wait(until.urlIs('http://localhost:5173/RegisterPage'), 3000);\n// Get the current URL\nconst currentUrl = await driver.getCurrentUrl();\n// Assert if the current URL matches the expected URL\nassert.equal(currentUrl, 'http://localhost:5173/RegisterPage', 'Expected URL does not match actual URL');\n\n// Close the browser\nawait driver.quit();",
              "err": {},
              "uuid": "ea1cf2d6-9912-4b9a-b54d-f14ea06fb3c9",
              "parentUUID": "56b42f6e-86a6-40b7-a698-91a1ea05eb34",
              "isHook": false,
              "skipped": false
            }
          ],
          "suites": [],
          "passes": [
            "ea1cf2d6-9912-4b9a-b54d-f14ea06fb3c9"
          ],
          "failures": [],
          "pending": [],
          "skipped": [],
          "duration": 1617,
          "root": false,
          "rootEmpty": false,
          "_timeout": 0
        }
      ],
      "passes": [],
      "failures": [],
      "pending": [],
      "skipped": [],
      "duration": 0,
      "root": true,
      "rootEmpty": true,
      "_timeout": 0
    }
  ],
  "meta": {
    "mocha": {
      "version": "10.3.0"
    },
    "mochawesome": {
      "options": {
        "quiet": false,
        "reportFilename": "mochawesome",
        "saveHtml": true,
        "saveJson": true,
        "consoleReporter": "spec",
        "useInlineDiffs": false,
        "code": true
      },
      "version": "7.1.3"
    },
    "marge": {
      "options": null,
      "version": "6.2.0"
    }
  }
}