{
  "stats": {
    "suites": 1,
    "tests": 1,
    "passes": 1,
    "pending": 0,
    "failures": 0,
    "start": "2024-05-25T14:04:09.525Z",
    "end": "2024-05-25T14:04:13.720Z",
    "duration": 4195,
    "testsRegistered": 1,
    "passPercent": 100,
    "pendingPercent": 0,
    "other": 0,
    "hasOther": false,
    "skipped": 0,
    "hasSkipped": false
  },
  "results": [
    {
      "uuid": "56a6c3ff-8af6-4090-a038-84f1d45f8369",
      "title": "",
      "fullFile": "C:\\Users\\Adir\\Desktop\\ProFinder\\ProFinder-frontend\\test\\writeComment.js",
      "file": "\\test\\writeComment.js",
      "beforeHooks": [],
      "afterHooks": [],
      "tests": [],
      "suites": [
        {
          "uuid": "7a79e52d-0ea4-45a2-b7f0-f5699c05ba0b",
          "title": "wtire comment test",
          "fullFile": "C:\\Users\\Adir\\Desktop\\ProFinder\\ProFinder-frontend\\test\\writeComment.js",
          "file": "\\test\\writeComment.js",
          "beforeHooks": [],
          "afterHooks": [],
          "tests": [
            {
              "title": "comment test",
              "fullTitle": "wtire comment test comment test",
              "timedOut": false,
              "duration": 4185,
              "state": "passed",
              "speed": "slow",
              "pass": true,
              "fail": false,
              "pending": false,
              "context": null,
              "code": "let driver = await new Builder().forBrowser(Browser.CHROME).build();\nawait driver.get('http://localhost:5173/');\nawait driver.findElement(By.linkText('Login')).click();\nawait driver.findElement(By.name('email')).sendKeys('adir@gmail.com');\nawait driver.findElement(By.name('password')).sendKeys('123');\nawait driver.findElement(By.css('.btn.btn-success')).click();\nawait driver.sleep(1000); // TODO delete this row\nawait driver.findElement(By.css('.btn.btn-success')).click();// TODO delete this row\nconst button = await driver.findElement(By.css('.btn.btn-success'));\nawait driver.wait(until.urlIs('http://localhost:5173/'), 3000);\nconst svgButton = await driver.wait(until.elementLocated(By.css(\"svg.text-2xl.text-blue-600.hover\\\\:text-black\")), 10000);\nawait svgButton.click();\n// Locate the textarea element\nawait driver.sleep(1000); // TODO delete this row\nconst textarea = await driver.findElement(By.css('textarea[placeholder=\"Write a comment...\"]'));\n// Write a comment into the textarea\nawait textarea.sendKeys('This is my comment.');\nconst svgButton2 = await driver.findElement(By.css('svg.arrow-right'));\nawait svgButton2.click();\n// Close the browser\nawait driver.quit();",
              "err": {},
              "uuid": "e22ed76b-2635-4307-b451-e5fa242b8340",
              "parentUUID": "7a79e52d-0ea4-45a2-b7f0-f5699c05ba0b",
              "isHook": false,
              "skipped": false
            }
          ],
          "suites": [],
          "passes": [
            "e22ed76b-2635-4307-b451-e5fa242b8340"
          ],
          "failures": [],
          "pending": [],
          "skipped": [],
          "duration": 4185,
          "root": false,
          "rootEmpty": false,
          "_timeout": 0
        }
      ],
      "passes": [],
      "failures": [],
      "pending": [],
      "skipped": [],
      "duration": 0,
      "root": true,
      "rootEmpty": true,
      "_timeout": 0
    }
  ],
  "meta": {
    "mocha": {
      "version": "10.3.0"
    },
    "mochawesome": {
      "options": {
        "quiet": false,
        "reportFilename": "mochawesome",
        "saveHtml": true,
        "saveJson": true,
        "consoleReporter": "spec",
        "useInlineDiffs": false,
        "code": true
      },
      "version": "7.1.3"
    },
    "marge": {
      "options": null,
      "version": "6.2.0"
    }
  }
}