{
  "stats": {
    "suites": 1,
    "tests": 1,
    "passes": 0,
    "pending": 0,
    "failures": 1,
    "start": "2024-05-25T11:37:46.739Z",
    "end": "2024-05-25T11:37:47.991Z",
    "duration": 1252,
    "testsRegistered": 1,
    "passPercent": 0,
    "pendingPercent": 0,
    "other": 0,
    "hasOther": false,
    "skipped": 0,
    "hasSkipped": false
  },
  "results": [
    {
      "uuid": "416fbbff-e56f-4d86-8315-58f61c7a1eae",
      "title": "",
      "fullFile": "C:\\Users\\Adir\\Desktop\\ProFinder\\ProFinder-frontend\\test\\writeComment.js",
      "file": "\\test\\writeComment.js",
      "beforeHooks": [],
      "afterHooks": [],
      "tests": [],
      "suites": [
        {
          "uuid": "70198dad-1cf4-46a4-8d4a-aa3678584325",
          "title": "wtire comment test",
          "fullFile": "C:\\Users\\Adir\\Desktop\\ProFinder\\ProFinder-frontend\\test\\writeComment.js",
          "file": "\\test\\writeComment.js",
          "beforeHooks": [],
          "afterHooks": [],
          "tests": [
            {
              "title": "comment test",
              "fullTitle": "wtire comment test comment test",
              "timedOut": false,
              "duration": 1244,
              "state": "failed",
              "speed": null,
              "pass": false,
              "fail": true,
              "pending": false,
              "context": null,
              "code": "let driver = await new Builder().forBrowser(Browser.CHROME).build();\nawait driver.get('http://localhost:5173/');\nawait driver.findElement(By.linkText('Login')).click();\nawait driver.findElement(By.name('email')).sendKeys('adir@gmail.com');\nawait driver.findElement(By.name('password')).sendKeys('123');\n//await driver.findElement(By.css('.btn.btn-success')).click();\nconst button = await driver.findElement(By.css('.btn.btn-success'));\nbutton.click();\nsleep(1000);\nbutton.click();\nawait driver.wait(until.urlIs('http://localhost:5173/'), 3000);\nconst svgButton = await driver.wait(until.elementLocated(By.css(\"svg.text-2xl.text-blue-600.hover\\\\:text-black\")), 10000);\nawait svgButton.click();\nsleep(1000);\n// Get the current URL\nconst currentUrl = await driver.getCurrentUrl();\n// Assert if the current URL matches the expected URL\nassert.equal(currentUrl, 'http://localhost:5173/', 'Expected URL does not match actual URL');\n\n// Close the browser\nawait driver.quit();",
              "err": {
                "message": "ReferenceError: sleep is not defined",
                "estack": "ReferenceError: sleep is not defined\n    at Context.<anonymous> (file:///C:/Users/Adir/Desktop/ProFinder/ProFinder-frontend/test/writeComment.js:15:9)\n    at process.processTicksAndRejections (node:internal/process/task_queues:95:5)",
                "diff": null
              },
              "uuid": "3eb2f5a6-c18a-4742-8fa6-6328c864bb62",
              "parentUUID": "70198dad-1cf4-46a4-8d4a-aa3678584325",
              "isHook": false,
              "skipped": false
            }
          ],
          "suites": [],
          "passes": [],
          "failures": [
            "3eb2f5a6-c18a-4742-8fa6-6328c864bb62"
          ],
          "pending": [],
          "skipped": [],
          "duration": 1244,
          "root": false,
          "rootEmpty": false,
          "_timeout": 0
        }
      ],
      "passes": [],
      "failures": [],
      "pending": [],
      "skipped": [],
      "duration": 0,
      "root": true,
      "rootEmpty": true,
      "_timeout": 0
    }
  ],
  "meta": {
    "mocha": {
      "version": "10.3.0"
    },
    "mochawesome": {
      "options": {
        "quiet": false,
        "reportFilename": "mochawesome",
        "saveHtml": true,
        "saveJson": true,
        "consoleReporter": "spec",
        "useInlineDiffs": false,
        "code": true
      },
      "version": "7.1.3"
    },
    "marge": {
      "options": null,
      "version": "6.2.0"
    }
  }
}