{
  "stats": {
    "suites": 10,
    "tests": 10,
    "passes": 2,
    "pending": 0,
    "failures": 8,
    "start": "2024-05-25T11:11:48.972Z",
    "end": "2024-05-25T11:12:49.909Z",
    "duration": 60937,
    "testsRegistered": 10,
    "passPercent": 20,
    "pendingPercent": 0,
    "other": 0,
    "hasOther": false,
    "skipped": 0,
    "hasSkipped": false
  },
  "results": [
    {
      "uuid": "187697eb-456b-4a5f-bd1e-233e92f41c71",
      "title": "",
      "fullFile": "",
      "file": "",
      "beforeHooks": [],
      "afterHooks": [],
      "tests": [],
      "suites": [
        {
          "uuid": "6158463d-42ab-4aac-9ea3-e44d8d86426f",
          "title": "add profile test",
          "fullFile": "C:\\Users\\hanig\\Desktop\\profinder new version\\ProFinder-frontend\\test\\addProfile.js",
          "file": "\\test\\addProfile.js",
          "beforeHooks": [],
          "afterHooks": [],
          "tests": [
            {
              "title": "add profile test",
              "fullTitle": "add profile test add profile test",
              "timedOut": false,
              "duration": 10150,
              "state": "failed",
              "speed": null,
              "pass": false,
              "fail": true,
              "pending": false,
              "context": null,
              "code": "let driver = await new Builder().forBrowser(Browser.CHROME).build();\nawait driver.get('http://localhost:5173/');\nawait driver.findElement(By.linkText('Login')).click();\nawait driver.findElement(By.name('email')).sendKeys('adir@gmail.com');\nawait driver.findElement(By.name('password')).sendKeys('123');\nawait driver.findElement(By.css('.btn.btn-success')).click();\nawait driver.wait(until.urlIs('http://localhost:5173/'), 3000);\n\nconst svgButton = await driver.wait(until.elementLocated(By.css(\"svg.text-sky-800.text-5xl\")), 10000);\nawait svgButton.click();\nsleep(1000);\nconst inputFields = await driver.findElements(By.css(\".border-2.border-gray-500.px-4.py-2.w-full\"));\nvar secondInputField = inputFields[0];\nawait secondInputField.clear();\nawait secondInputField.sendKeys('business man');\nsecondInputField = inputFields[1];\nawait secondInputField.sendKeys('new-york');\nsecondInputField = inputFields[2];\nawait secondInputField.sendKeys('999999999');\nawait driver.findElement(By.css(\".p-2.bg-sky-300.m-8\")).click();\n    \nawait driver.wait(until.urlIs('http://localhost:5173/'), 3000);\n// Get the current URL\nconst currentUrl = await driver.getCurrentUrl();\n// Assert if the current URL matches the expected URL\nassert.equal(currentUrl, 'http://localhost:5173/', 'Expected URL does not match actual URL');\n\n// Close the browser\nawait driver.quit();",
              "err": {
                "message": "TimeoutError: Waiting for URL to be \"http://localhost:5173/\"\nWait timed out after 3033ms",
                "estack": "TimeoutError: Waiting for URL to be \"http://localhost:5173/\"\nWait timed out after 3033ms\n    at C:\\Users\\hanig\\Desktop\\profinder new version\\ProFinder-frontend\\node_modules\\selenium-webdriver\\lib\\webdriver.js:910:22\n    at process.processTicksAndRejections (node:internal/process/task_queues:95:5)",
                "diff": null
              },
              "uuid": "eaf9d36f-2440-4f07-a143-fa5113d03b0d",
              "parentUUID": "6158463d-42ab-4aac-9ea3-e44d8d86426f",
              "isHook": false,
              "skipped": false
            }
          ],
          "suites": [],
          "passes": [],
          "failures": [
            "eaf9d36f-2440-4f07-a143-fa5113d03b0d"
          ],
          "pending": [],
          "skipped": [],
          "duration": 10150,
          "root": false,
          "rootEmpty": false,
          "_timeout": 0
        },
        {
          "uuid": "265d0e39-e08f-485c-abc3-9f67649fa1f8",
          "title": "deleteProfile test",
          "fullFile": "C:\\Users\\hanig\\Desktop\\profinder new version\\ProFinder-frontend\\test\\deleteProfile.js",
          "file": "\\test\\deleteProfile.js",
          "beforeHooks": [],
          "afterHooks": [],
          "tests": [
            {
              "title": "delete Profile test",
              "fullTitle": "deleteProfile test delete Profile test",
              "timedOut": false,
              "duration": 5825,
              "state": "failed",
              "speed": null,
              "pass": false,
              "fail": true,
              "pending": false,
              "context": null,
              "code": "let driver = await new Builder().forBrowser(Browser.CHROME).build();\nawait driver.get('http://localhost:5173/');\nawait driver.findElement(By.linkText('Login')).click();\nawait driver.findElement(By.name('email')).sendKeys('adir@gmail.com');\nawait driver.findElement(By.name('password')).sendKeys('123');\nawait driver.findElement(By.css('.btn.btn-success')).click();\nawait driver.wait(until.urlIs('http://localhost:5173/'), 3000);\nconst svgButton = await driver.wait(until.elementLocated(By.css(\"svg.text-2xl.text-red-600.hover\\\\:text-black\")), 10000);\nawait svgButton.click();\nsleep(1000);\nawait driver.findElement(By.className('p-4 bg-red-600 text-white m-8 w-full')).click();\n\n// Close the browser\nawait driver.quit();",
              "err": {
                "message": "TimeoutError: Waiting for URL to be \"http://localhost:5173/\"\nWait timed out after 3041ms",
                "estack": "TimeoutError: Waiting for URL to be \"http://localhost:5173/\"\nWait timed out after 3041ms\n    at C:\\Users\\hanig\\Desktop\\profinder new version\\ProFinder-frontend\\node_modules\\selenium-webdriver\\lib\\webdriver.js:910:22\n    at process.processTicksAndRejections (node:internal/process/task_queues:95:5)",
                "diff": null
              },
              "uuid": "bc91da66-db5e-4910-abbd-faa1841312ff",
              "parentUUID": "265d0e39-e08f-485c-abc3-9f67649fa1f8",
              "isHook": false,
              "skipped": false
            }
          ],
          "suites": [],
          "passes": [],
          "failures": [
            "bc91da66-db5e-4910-abbd-faa1841312ff"
          ],
          "pending": [],
          "skipped": [],
          "duration": 5825,
          "root": false,
          "rootEmpty": false,
          "_timeout": 0
        },
        {
          "uuid": "6e6f2656-66d3-420a-a03f-36f16ede6778",
          "title": "register test",
          "fullFile": "C:\\Users\\hanig\\Desktop\\profinder new version\\ProFinder-frontend\\test\\deleteUser.js",
          "file": "\\test\\deleteUser.js",
          "beforeHooks": [],
          "afterHooks": [],
          "tests": [
            {
              "title": "register test",
              "fullTitle": "register test register test",
              "timedOut": false,
              "duration": 260,
              "state": "passed",
              "speed": "slow",
              "pass": true,
              "fail": false,
              "pending": false,
              "context": null,
              "code": "await deleteUserByEmail('example@gmail.com');",
              "err": {},
              "uuid": "eff41afb-4bf5-437e-aa03-5a16f46561db",
              "parentUUID": "6e6f2656-66d3-420a-a03f-36f16ede6778",
              "isHook": false,
              "skipped": false
            }
          ],
          "suites": [],
          "passes": [
            "eff41afb-4bf5-437e-aa03-5a16f46561db"
          ],
          "failures": [],
          "pending": [],
          "skipped": [],
          "duration": 260,
          "root": false,
          "rootEmpty": false,
          "_timeout": 0
        },
        {
          "uuid": "99bf02ee-7a45-476a-8d5e-1dae4bb7be78",
          "title": "edit Location test",
          "fullFile": "C:\\Users\\hanig\\Desktop\\profinder new version\\ProFinder-frontend\\test\\editLocation.js",
          "file": "\\test\\editLocation.js",
          "beforeHooks": [],
          "afterHooks": [],
          "tests": [
            {
              "title": "edit Location test",
              "fullTitle": "edit Location test edit Location test",
              "timedOut": false,
              "duration": 6777,
              "state": "failed",
              "speed": null,
              "pass": false,
              "fail": true,
              "pending": false,
              "context": null,
              "code": "let driver = await new Builder().forBrowser(Browser.CHROME).build();\nawait driver.get('http://localhost:5173/');\nawait driver.findElement(By.linkText('Login')).click();\nawait driver.findElement(By.name('email')).sendKeys('adir@gmail.com');\nawait driver.findElement(By.name('password')).sendKeys('123');\nawait driver.findElement(By.css('.btn.btn-success')).click();\nawait driver.wait(until.urlIs('http://localhost:5173/'), 3000);\n\nconst svgButton = await driver.wait(until.elementLocated(By.css(\"svg.text-2xl.text-yellow-600.hover\\\\:text-black\")), 10000);\nawait svgButton.click();\nsleep(1000);\nconst inputFields = await driver.findElements(By.css(\".border-2.border-gray-500.px-4.py-2.w-full\"));\nconst secondInputField = inputFields[1];\nawait secondInputField.clear();\nawait secondInputField.sendKeys('melech');\nawait driver.findElement(By.css(\".p-2.bg-sky-300.m-8\")).click();\n\n    \nawait driver.wait(until.urlIs('http://localhost:5173/'), 3000);\n// Get the current URL\nconst currentUrl = await driver.getCurrentUrl();\n// Assert if the current URL matches the expected URL\nassert.equal(currentUrl, 'http://localhost:5173/', 'Expected URL does not match actual URL');\n\n// Close the browser\nawait driver.quit();",
              "err": {
                "message": "TimeoutError: Waiting for URL to be \"http://localhost:5173/\"\nWait timed out after 3042ms",
                "estack": "TimeoutError: Waiting for URL to be \"http://localhost:5173/\"\nWait timed out after 3042ms\n    at C:\\Users\\hanig\\Desktop\\profinder new version\\ProFinder-frontend\\node_modules\\selenium-webdriver\\lib\\webdriver.js:910:22\n    at process.processTicksAndRejections (node:internal/process/task_queues:95:5)",
                "diff": null
              },
              "uuid": "141b9834-bc4b-4d5a-a076-95633377ed7a",
              "parentUUID": "99bf02ee-7a45-476a-8d5e-1dae4bb7be78",
              "isHook": false,
              "skipped": false
            }
          ],
          "suites": [],
          "passes": [],
          "failures": [
            "141b9834-bc4b-4d5a-a076-95633377ed7a"
          ],
          "pending": [],
          "skipped": [],
          "duration": 6777,
          "root": false,
          "rootEmpty": false,
          "_timeout": 0
        },
        {
          "uuid": "0357d2f7-ac98-4677-867e-a080afd46107",
          "title": "edit Phone test",
          "fullFile": "C:\\Users\\hanig\\Desktop\\profinder new version\\ProFinder-frontend\\test\\editPhone.js",
          "file": "\\test\\editPhone.js",
          "beforeHooks": [],
          "afterHooks": [],
          "tests": [
            {
              "title": "edit Phone test",
              "fullTitle": "edit Phone test edit Phone test",
              "timedOut": false,
              "duration": 5725,
              "state": "failed",
              "speed": null,
              "pass": false,
              "fail": true,
              "pending": false,
              "context": null,
              "code": "let driver = await new Builder().forBrowser(Browser.CHROME).build();\nawait driver.get('http://localhost:5173/');\nawait driver.findElement(By.linkText('Login')).click();\nawait driver.findElement(By.name('email')).sendKeys('adir@gmail.com');\nawait driver.findElement(By.name('password')).sendKeys('123');\nawait driver.findElement(By.css('.btn.btn-success')).click();\nawait driver.wait(until.urlIs('http://localhost:5173/'), 3000);\n\nconst svgButton = await driver.wait(until.elementLocated(By.css(\"svg.text-2xl.text-yellow-600.hover\\\\:text-black\")), 10000);\nawait svgButton.click();\nsleep(1000);\nconst inputFields = await driver.findElements(By.css(\".border-2.border-gray-500.px-4.py-2.w-full\"));\nconst secondInputField = inputFields[2];\nawait secondInputField.clear();\nawait secondInputField.sendKeys('22222');\nawait driver.findElement(By.css(\".p-2.bg-sky-300.m-8\")).click();\n\n    \nawait driver.wait(until.urlIs('http://localhost:5173/'), 3000);\n// Get the current URL\nconst currentUrl = await driver.getCurrentUrl();\n// Assert if the current URL matches the expected URL\nassert.equal(currentUrl, 'http://localhost:5173/', 'Expected URL does not match actual URL');\n\n// Close the browser\nawait driver.quit();",
              "err": {
                "message": "TimeoutError: Waiting for URL to be \"http://localhost:5173/\"\nWait timed out after 3052ms",
                "estack": "TimeoutError: Waiting for URL to be \"http://localhost:5173/\"\nWait timed out after 3052ms\n    at C:\\Users\\hanig\\Desktop\\profinder new version\\ProFinder-frontend\\node_modules\\selenium-webdriver\\lib\\webdriver.js:910:22\n    at process.processTicksAndRejections (node:internal/process/task_queues:95:5)",
                "diff": null
              },
              "uuid": "9c48d305-3df3-4954-924d-06f1def80572",
              "parentUUID": "0357d2f7-ac98-4677-867e-a080afd46107",
              "isHook": false,
              "skipped": false
            }
          ],
          "suites": [],
          "passes": [],
          "failures": [
            "9c48d305-3df3-4954-924d-06f1def80572"
          ],
          "pending": [],
          "skipped": [],
          "duration": 5725,
          "root": false,
          "rootEmpty": false,
          "_timeout": 0
        },
        {
          "uuid": "dbbf2d3d-6f22-45b8-9ba8-b66af9be5eb0",
          "title": "edit profession test",
          "fullFile": "C:\\Users\\hanig\\Desktop\\profinder new version\\ProFinder-frontend\\test\\editProfession.js",
          "file": "\\test\\editProfession.js",
          "beforeHooks": [],
          "afterHooks": [],
          "tests": [
            {
              "title": "edit profession test",
              "fullTitle": "edit profession test edit profession test",
              "timedOut": false,
              "duration": 6807,
              "state": "failed",
              "speed": null,
              "pass": false,
              "fail": true,
              "pending": false,
              "context": null,
              "code": "let driver = await new Builder().forBrowser(Browser.CHROME).build();\nawait driver.get('http://localhost:5173/');\nawait driver.findElement(By.linkText('Login')).click();\nawait driver.findElement(By.name('email')).sendKeys('adir@gmail.com');\nawait driver.findElement(By.name('password')).sendKeys('123');\nawait driver.findElement(By.css('.btn.btn-success')).click();\nawait driver.wait(until.urlIs('http://localhost:5173/'), 3000);\n\nconst svgButton = await driver.wait(until.elementLocated(By.css(\"svg.text-2xl.text-yellow-600.hover\\\\:text-black\")), 10000);\nawait svgButton.click();\nsleep(1000);\nconst inputFields = await driver.findElements(By.css(\".border-2.border-gray-500.px-4.py-2.w-full\"));\nconst secondInputField = inputFields[0];\nawait secondInputField.clear();\nawait secondInputField.sendKeys('sales man');\nawait driver.findElement(By.css(\".p-2.bg-sky-300.m-8\")).click();\n\n    \nawait driver.wait(until.urlIs('http://localhost:5173/'), 3000);\n// Get the current URL\nconst currentUrl = await driver.getCurrentUrl();\n// Assert if the current URL matches the expected URL\nassert.equal(currentUrl, 'http://localhost:5173/', 'Expected URL does not match actual URL');\n\n// Close the browser\nawait driver.quit();",
              "err": {
                "message": "TimeoutError: Waiting for URL to be \"http://localhost:5173/\"\nWait timed out after 3007ms",
                "estack": "TimeoutError: Waiting for URL to be \"http://localhost:5173/\"\nWait timed out after 3007ms\n    at C:\\Users\\hanig\\Desktop\\profinder new version\\ProFinder-frontend\\node_modules\\selenium-webdriver\\lib\\webdriver.js:910:22\n    at process.processTicksAndRejections (node:internal/process/task_queues:95:5)",
                "diff": null
              },
              "uuid": "64e1af6e-0c58-48ff-a4d4-1e2467f68f2f",
              "parentUUID": "dbbf2d3d-6f22-45b8-9ba8-b66af9be5eb0",
              "isHook": false,
              "skipped": false
            }
          ],
          "suites": [],
          "passes": [],
          "failures": [
            "64e1af6e-0c58-48ff-a4d4-1e2467f68f2f"
          ],
          "pending": [],
          "skipped": [],
          "duration": 6807,
          "root": false,
          "rootEmpty": false,
          "_timeout": 0
        },
        {
          "uuid": "86c65e8b-ef14-4e5f-9381-b610920bb5ef",
          "title": "login test",
          "fullFile": "C:\\Users\\hanig\\Desktop\\profinder new version\\ProFinder-frontend\\test\\loginTest.js",
          "file": "\\test\\loginTest.js",
          "beforeHooks": [],
          "afterHooks": [],
          "tests": [
            {
              "title": "login test",
              "fullTitle": "login test login test",
              "timedOut": false,
              "duration": 6791,
              "state": "failed",
              "speed": null,
              "pass": false,
              "fail": true,
              "pending": false,
              "context": null,
              "code": "let driver = await new Builder().forBrowser(Browser.CHROME).build();\nawait driver.get('http://localhost:5173/');\nawait driver.findElement(By.linkText('Login')).click();\nawait driver.findElement(By.name('email')).sendKeys('adir@gmail.com');\nawait driver.findElement(By.name('password')).sendKeys('123');\nawait driver.findElement(By.css('.btn.btn-success')).click();\n\nawait driver.wait(until.urlIs('http://localhost:5173/'), 3000);\n// Get the current URL\nconst currentUrl = await driver.getCurrentUrl();\n// Assert if the current URL matches the expected URL\nassert.equal(currentUrl, 'http://localhost:5173/', 'Expected URL does not match actual URL');\n\n// Close the browser\nawait driver.quit();",
              "err": {
                "message": "TimeoutError: Waiting for URL to be \"http://localhost:5173/\"\nWait timed out after 3083ms",
                "estack": "TimeoutError: Waiting for URL to be \"http://localhost:5173/\"\nWait timed out after 3083ms\n    at C:\\Users\\hanig\\Desktop\\profinder new version\\ProFinder-frontend\\node_modules\\selenium-webdriver\\lib\\webdriver.js:910:22\n    at process.processTicksAndRejections (node:internal/process/task_queues:95:5)",
                "diff": null
              },
              "uuid": "f90f8268-2f14-4ac6-8548-8fac21b1f679",
              "parentUUID": "86c65e8b-ef14-4e5f-9381-b610920bb5ef",
              "isHook": false,
              "skipped": false
            }
          ],
          "suites": [],
          "passes": [],
          "failures": [
            "f90f8268-2f14-4ac6-8548-8fac21b1f679"
          ],
          "pending": [],
          "skipped": [],
          "duration": 6791,
          "root": false,
          "rootEmpty": false,
          "_timeout": 0
        },
        {
          "uuid": "d37b33b4-0317-4e83-9ac0-a545c154f898",
          "title": "register test",
          "fullFile": "C:\\Users\\hanig\\Desktop\\profinder new version\\ProFinder-frontend\\test\\registerTest.js",
          "file": "\\test\\registerTest.js",
          "beforeHooks": [],
          "afterHooks": [],
          "tests": [
            {
              "title": "register test",
              "fullTitle": "register test register test",
              "timedOut": false,
              "duration": 6983,
              "state": "failed",
              "speed": null,
              "pass": false,
              "fail": true,
              "pending": false,
              "context": null,
              "code": "let driver = await new Builder().forBrowser(Browser.CHROME).build();\nawait driver.get('http://localhost:5173/');\nawait driver.findElement(By.linkText('Register')).click();\nawait driver.findElement(By.name('name')).sendKeys('example');\nawait driver.findElement(By.name('email')).sendKeys('example@gmail.com');\nawait driver.findElement(By.name('password')).sendKeys('123456');\nawait driver.findElement(By.css('.btn.btn-success')).click();\n\nawait driver.wait(until.urlIs('http://localhost:5173/LoginPage'), 3000);\n// Get the current URL\nconst currentUrl = await driver.getCurrentUrl();\n// Assert if the current URL matches the expected URL\nassert.equal(currentUrl, 'http://localhost:5173/LoginPage', 'Expected URL does not match actual URL');\n\n// Close the browser\nawait driver.quit();",
              "err": {
                "message": "TimeoutError: Waiting for URL to be \"http://localhost:5173/LoginPage\"\nWait timed out after 3014ms",
                "estack": "TimeoutError: Waiting for URL to be \"http://localhost:5173/LoginPage\"\nWait timed out after 3014ms\n    at C:\\Users\\hanig\\Desktop\\profinder new version\\ProFinder-frontend\\node_modules\\selenium-webdriver\\lib\\webdriver.js:910:22\n    at process.processTicksAndRejections (node:internal/process/task_queues:95:5)",
                "diff": null
              },
              "uuid": "45234562-2b84-4bb6-9462-316f6485c48b",
              "parentUUID": "d37b33b4-0317-4e83-9ac0-a545c154f898",
              "isHook": false,
              "skipped": false
            }
          ],
          "suites": [],
          "passes": [],
          "failures": [
            "45234562-2b84-4bb6-9462-316f6485c48b"
          ],
          "pending": [],
          "skipped": [],
          "duration": 6983,
          "root": false,
          "rootEmpty": false,
          "_timeout": 0
        },
        {
          "uuid": "40fa8b95-2d9e-4edc-8ffb-4295b2d736c7",
          "title": "search bar test",
          "fullFile": "C:\\Users\\hanig\\Desktop\\profinder new version\\ProFinder-frontend\\test\\searchBar.js",
          "file": "\\test\\searchBar.js",
          "beforeHooks": [],
          "afterHooks": [],
          "tests": [
            {
              "title": "search bar test",
              "fullTitle": "search bar test search bar test",
              "timedOut": false,
              "duration": 4648,
              "state": "passed",
              "speed": "slow",
              "pass": true,
              "fail": false,
              "pending": false,
              "context": null,
              "code": "let driver = await new Builder().forBrowser(Browser.CHROME).build();\nawait driver.get('http://localhost:5173/');\nawait driver.findElement(By.css('.search-input')).sendKeys('hen');\nawait driver.findElement(By.css('.search-button')).click();\nawait driver.quit();",
              "err": {},
              "uuid": "10a03d4b-f222-48cf-b031-9bf1668d3089",
              "parentUUID": "40fa8b95-2d9e-4edc-8ffb-4295b2d736c7",
              "isHook": false,
              "skipped": false
            }
          ],
          "suites": [],
          "passes": [
            "10a03d4b-f222-48cf-b031-9bf1668d3089"
          ],
          "failures": [],
          "pending": [],
          "skipped": [],
          "duration": 4648,
          "root": false,
          "rootEmpty": false,
          "_timeout": 0
        },
        {
          "uuid": "be7f2b6f-8887-4e79-b775-b1d1e53e2c5e",
          "title": "unique Email test",
          "fullFile": "C:\\Users\\hanig\\Desktop\\profinder new version\\ProFinder-frontend\\test\\uniqueEmail.js",
          "file": "\\test\\uniqueEmail.js",
          "beforeHooks": [],
          "afterHooks": [],
          "tests": [
            {
              "title": "unique email test",
              "fullTitle": "unique Email test unique email test",
              "timedOut": false,
              "duration": 6934,
              "state": "failed",
              "speed": null,
              "pass": false,
              "fail": true,
              "pending": false,
              "context": null,
              "code": "let driver = await new Builder().forBrowser(Browser.CHROME).build();\nawait driver.get('http://localhost:5173/');\nawait driver.findElement(By.linkText('Register')).click();\nawait driver.findElement(By.name('name')).sendKeys('example');\nawait driver.findElement(By.name('email')).sendKeys('adir@gmail.com');\nawait driver.findElement(By.name('password')).sendKeys('123456');\nawait driver.findElement(By.css('.btn.btn-success')).click();\n\nawait driver.wait(until.urlIs('http://localhost:5173/RegisterPage'), 3000);\n// Get the current URL\nconst currentUrl = await driver.getCurrentUrl();\n// Assert if the current URL matches the expected URL\nassert.equal(currentUrl, 'http://localhost:5173/RegisterPage', 'Expected URL does not match actual URL');\n\n// Close the browser\nawait driver.quit();",
              "err": {
                "message": "TimeoutError: Waiting for URL to be \"http://localhost:5173/RegisterPage\"\nWait timed out after 3034ms",
                "estack": "TimeoutError: Waiting for URL to be \"http://localhost:5173/RegisterPage\"\nWait timed out after 3034ms\n    at C:\\Users\\hanig\\Desktop\\profinder new version\\ProFinder-frontend\\node_modules\\selenium-webdriver\\lib\\webdriver.js:910:22\n    at process.processTicksAndRejections (node:internal/process/task_queues:95:5)",
                "diff": null
              },
              "uuid": "d069cf2a-02d5-47da-8bcd-a1ddd35a31b1",
              "parentUUID": "be7f2b6f-8887-4e79-b775-b1d1e53e2c5e",
              "isHook": false,
              "skipped": false
            }
          ],
          "suites": [],
          "passes": [],
          "failures": [
            "d069cf2a-02d5-47da-8bcd-a1ddd35a31b1"
          ],
          "pending": [],
          "skipped": [],
          "duration": 6934,
          "root": false,
          "rootEmpty": false,
          "_timeout": 0
        }
      ],
      "passes": [],
      "failures": [],
      "pending": [],
      "skipped": [],
      "duration": 0,
      "root": true,
      "rootEmpty": true,
      "_timeout": 0
    }
  ],
  "meta": {
    "mocha": {
      "version": "10.3.0"
    },
    "mochawesome": {
      "options": {
        "quiet": false,
        "reportFilename": "mochawesome",
        "saveHtml": true,
        "saveJson": true,
        "consoleReporter": "spec",
        "useInlineDiffs": false,
        "code": true
      },
      "version": "7.1.3"
    },
    "marge": {
      "options": null,
      "version": "6.2.0"
    }
  }
}